This is pdfTeX, Version 3.14159265-2.6-1.40.20 (TeX Live 2019/Debian) (preloaded format=pdflatex 2022.10.11)  12 OCT 2022 16:51
entering extended mode
 restricted \write18 enabled.
 %&-line parsing enabled.
**Projektdokumentation.tex
(./Projektdokumentation.tex
LaTeX2e <2020-02-02> patch level 2
L3 programming layer <2020-02-14>
(/usr/share/texlive/texmf-dist/tex/latex/koma-script/scrartcl.cls
Document Class: scrartcl 2020/01/24 v3.29 KOMA-Script document class (article)
(/usr/share/texlive/texmf-dist/tex/latex/koma-script/scrkbase.sty
Package: scrkbase 2020/01/24 v3.29 KOMA-Script package (KOMA-Script-dependent b
asics and keyval usage)

(/usr/share/texlive/texmf-dist/tex/latex/koma-script/scrbase.sty
Package: scrbase 2020/01/24 v3.29 KOMA-Script package (KOMA-Script-independent 
basics and keyval usage)

(/usr/share/texlive/texmf-dist/tex/latex/graphics/keyval.sty
Package: keyval 2014/10/28 v1.15 key=value parser (DPC)
\KV@toks@=\toks14
)
(/usr/share/texlive/texmf-dist/tex/latex/koma-script/scrlfile.sty
Package: scrlfile 2020/01/24 v3.29 KOMA-Script package (loading files)
)))
(/usr/share/texlive/texmf-dist/tex/latex/koma-script/tocbasic.sty
Package: tocbasic 2020/01/24 v3.29 KOMA-Script package (handling toc-files)
\scr@dte@tocline@numberwidth=\skip47
\scr@dte@tocline@numbox=\box45
)
Package tocbasic Info: omitting babel extension for `toc'
(tocbasic)             because of feature `nobabel' available
(tocbasic)             for `toc' on input line 137.
Class scrartcl Info: File `scrsize11pt.clo' used instead of
(scrartcl)           file `scrsize11.clo' to setup font sizes on input line 221
2.

(/usr/share/texlive/texmf-dist/tex/latex/koma-script/scrsize11pt.clo
File: scrsize11pt.clo 2020/01/24 v3.29 KOMA-Script font size class option (11pt
)
)
(/usr/share/texlive/texmf-dist/tex/latex/koma-script/typearea.sty
Package: typearea 2020/01/24 v3.29 KOMA-Script package (type area)
\ta@bcor=\skip48
\ta@div=\count167
\ta@hblk=\skip49
\ta@vblk=\skip50
\ta@temp=\skip51
\footheight=\skip52
Package typearea Info: These are the values describing the layout:
(typearea)             DIV  = 10
(typearea)             BCOR = 0.0pt
(typearea)             \paperwidth      = 597.50793pt
(typearea)              \textwidth      = 418.25555pt
(typearea)              DIV departure   = -6%
(typearea)              \evensidemargin = 17.3562pt
(typearea)              \oddsidemargin  = 17.3562pt
(typearea)             \paperheight     = 845.04694pt
(typearea)              \textheight     = 595.80026pt
(typearea)              \topmargin      = -25.16531pt
(typearea)              \headheight     = 17.0pt
(typearea)              \headsep        = 20.40001pt
(typearea)              \topskip        = 11.0pt
(typearea)              \footskip       = 47.6pt
(typearea)              \baselineskip   = 13.6pt
(typearea)              on input line 1719.
)
\c@part=\count168
\c@section=\count169
\c@subsection=\count170
\c@subsubsection=\count171
\c@paragraph=\count172
\c@subparagraph=\count173
\scr@dte@section@maxnumwidth=\skip53
Class scrartcl Info: using compatibility default `runin=bysign'
(scrartcl)           for `\section on input line 4723.
Class scrartcl Info: using compatibility default `afterindent=bysign'
(scrartcl)           for `\section on input line 4723.
\scr@dte@part@maxnumwidth=\skip54
Class scrartcl Info: using compatibility default `afterindent=false'
(scrartcl)           for `\part on input line 4731.
\scr@dte@subsection@maxnumwidth=\skip55
Class scrartcl Info: using compatibility default `runin=bysign'
(scrartcl)           for `\subsection on input line 4741.
Class scrartcl Info: using compatibility default `afterindent=bysign'
(scrartcl)           for `\subsection on input line 4741.
\scr@dte@subsubsection@maxnumwidth=\skip56
Class scrartcl Info: using compatibility default `runin=bysign'
(scrartcl)           for `\subsubsection on input line 4751.
Class scrartcl Info: using compatibility default `afterindent=bysign'
(scrartcl)           for `\subsubsection on input line 4751.
\scr@dte@paragraph@maxnumwidth=\skip57
Class scrartcl Info: using compatibility default `runin=bysign'
(scrartcl)           for `\paragraph on input line 4761.
Class scrartcl Info: using compatibility default `afterindent=bysign'
(scrartcl)           for `\paragraph on input line 4761.
\scr@dte@subparagraph@maxnumwidth=\skip58
Class scrartcl Info: using compatibility default `runin=bysign'
(scrartcl)           for `\subparagraph on input line 4771.
Class scrartcl Info: using compatibility default `afterindent=bysign'
(scrartcl)           for `\subparagraph on input line 4771.
\abovecaptionskip=\skip59
\belowcaptionskip=\skip60
\c@pti@nb@sid@b@x=\box46
Package tocbasic Info: omitting babel extension for `lof'
(tocbasic)             because of feature `nobabel' available
(tocbasic)             for `lof' on input line 6002.
\scr@dte@figure@maxnumwidth=\skip61
\c@figure=\count174
Package tocbasic Info: omitting babel extension for `lot'
(tocbasic)             because of feature `nobabel' available
(tocbasic)             for `lot' on input line 6014.
\scr@dte@table@maxnumwidth=\skip62
\c@table=\count175
Class scrartcl Info: Redefining `\numberline' on input line 6178.
\bibindent=\dimen134
)
(/usr/share/texlive/texmf-dist/tex/latex/base/inputenc.sty
Package: inputenc 2018/08/11 v1.3c Input encoding file
\inpenc@prehook=\toks15
\inpenc@posthook=\toks16
) (./Meta.tex)
(./Allgemein/Packages.tex
(/usr/share/texlive/texmf-dist/tex/generic/babel/babel.sty
Package: babel 2020/02/14 3.40 The Babel package

(/usr/share/texlive/texmf-dist/tex/generic/babel/switch.def
File: switch.def 2020/02/14 3.40 Babel switching mechanism
)
Package babel Info: You haven't specified a language. I'll use 'nil'
(babel)             as the main language. Reported on input line 572.

(/usr/share/texlive/texmf-dist/tex/generic/babel/nil.ldf
Language: nil 2020/02/14 3.40 Nil language

(/usr/share/texlive/texmf-dist/tex/generic/babel/babel.def
File: babel.def 2020/02/14 3.40 Babel common definitions
\babel@savecnt=\count176
\U@D=\dimen135

(/usr/share/texlive/texmf-dist/tex/generic/babel/txtbabel.def)
\bbl@readstream=\read2
\bbl@dirlevel=\count177
)
\l@nil=\language5
))
(/usr/share/texlive/texmf-dist/tex/latex/base/fontenc.sty
Package: fontenc 2020/02/11 v2.0o Standard LaTeX package
)
(/usr/share/texlive/texmf-dist/tex/latex/base/textcomp.sty
Package: textcomp 2020/02/02 v2.0n Standard LaTeX package
)
(/usr/share/texmf/tex/latex/lm/lmodern.sty
Package: lmodern 2009/10/30 v1.6 Latin Modern Fonts
LaTeX Font Info:    Overwriting symbol font `operators' in version `normal'
(Font)                  OT1/cmr/m/n --> OT1/lmr/m/n on input line 22.
LaTeX Font Info:    Overwriting symbol font `letters' in version `normal'
(Font)                  OML/cmm/m/it --> OML/lmm/m/it on input line 23.
LaTeX Font Info:    Overwriting symbol font `symbols' in version `normal'
(Font)                  OMS/cmsy/m/n --> OMS/lmsy/m/n on input line 24.
LaTeX Font Info:    Overwriting symbol font `largesymbols' in version `normal'
(Font)                  OMX/cmex/m/n --> OMX/lmex/m/n on input line 25.
LaTeX Font Info:    Overwriting symbol font `operators' in version `bold'
(Font)                  OT1/cmr/bx/n --> OT1/lmr/bx/n on input line 26.
LaTeX Font Info:    Overwriting symbol font `letters' in version `bold'
(Font)                  OML/cmm/b/it --> OML/lmm/b/it on input line 27.
LaTeX Font Info:    Overwriting symbol font `symbols' in version `bold'
(Font)                  OMS/cmsy/b/n --> OMS/lmsy/b/n on input line 28.
LaTeX Font Info:    Overwriting symbol font `largesymbols' in version `bold'
(Font)                  OMX/cmex/m/n --> OMX/lmex/m/n on input line 29.
LaTeX Font Info:    Overwriting math alphabet `\mathbf' in version `normal'
(Font)                  OT1/cmr/bx/n --> OT1/lmr/bx/n on input line 31.
LaTeX Font Info:    Overwriting math alphabet `\mathsf' in version `normal'
(Font)                  OT1/cmss/m/n --> OT1/lmss/m/n on input line 32.
LaTeX Font Info:    Overwriting math alphabet `\mathit' in version `normal'
(Font)                  OT1/cmr/m/it --> OT1/lmr/m/it on input line 33.
LaTeX Font Info:    Overwriting math alphabet `\mathtt' in version `normal'
(Font)                  OT1/cmtt/m/n --> OT1/lmtt/m/n on input line 34.
LaTeX Font Info:    Overwriting math alphabet `\mathbf' in version `bold'
(Font)                  OT1/cmr/bx/n --> OT1/lmr/bx/n on input line 35.
LaTeX Font Info:    Overwriting math alphabet `\mathsf' in version `bold'
(Font)                  OT1/cmss/bx/n --> OT1/lmss/bx/n on input line 36.
LaTeX Font Info:    Overwriting math alphabet `\mathit' in version `bold'
(Font)                  OT1/cmr/bx/it --> OT1/lmr/bx/it on input line 37.
LaTeX Font Info:    Overwriting math alphabet `\mathtt' in version `bold'
(Font)                  OT1/cmtt/m/n --> OT1/lmtt/m/n on input line 38.
)
(/usr/share/texlive/texmf-dist/tex/latex/relsize/relsize.sty
Package: relsize 2013/03/29 ver 4.1
)
(/usr/share/texlive/texmf-dist/tex/latex/tools/tabularx.sty
Package: tabularx 2020/01/15 v2.11c `tabularx' package (DPC)

(/usr/share/texlive/texmf-dist/tex/latex/tools/array.sty
Package: array 2019/08/31 v2.4l Tabular extension package (FMi)
\col@sep=\dimen136
\ar@mcellbox=\box47
\extrarowheight=\dimen137
\NC@list=\toks17
\extratabsurround=\skip63
\backup@length=\skip64
\ar@cellbox=\box48
)
\TX@col@width=\dimen138
\TX@old@table=\dimen139
\TX@old@col=\dimen140
\TX@target=\dimen141
\TX@delta=\dimen142
\TX@cols=\count178
\TX@ftn=\toks18
)
(/usr/share/texlive/texmf-dist/tex/latex/tools/longtable.sty
Package: longtable 2020/01/07 v4.13 Multi-page Table package (DPC)
\LTleft=\skip65
\LTright=\skip66
\LTpre=\skip67
\LTpost=\skip68
\LTchunksize=\count179
\LTcapwidth=\dimen143
\LT@head=\box49
\LT@firsthead=\box50
\LT@foot=\box51
\LT@lastfoot=\box52
\LT@cols=\count180
\LT@rows=\count181
\c@LT@tables=\count182
\c@LT@chunks=\count183
\LT@p@ftn=\toks19
)
Class scrartcl Info: longtable captions redefined on input line 22.

(/usr/share/texlive/texmf-dist/tex/latex/ragged2e/ragged2e.sty
Package: ragged2e 2019/07/28 v2.2 ragged2e Package (MS)

(/usr/share/texlive/texmf-dist/tex/latex/ms/everysel.sty
Package: everysel 2011/10/28 v1.2 EverySelectfont Package (MS)
)
\CenteringLeftskip=\skip69
\RaggedLeftLeftskip=\skip70
\RaggedRightLeftskip=\skip71
\CenteringRightskip=\skip72
\RaggedLeftRightskip=\skip73
\RaggedRightRightskip=\skip74
\CenteringParfillskip=\skip75
\RaggedLeftParfillskip=\skip76
\RaggedRightParfillskip=\skip77
\JustifyingParfillskip=\skip78
\CenteringParindent=\skip79
\RaggedLeftParindent=\skip80
\RaggedRightParindent=\skip81
\JustifyingParindent=\skip82
)
(/usr/share/texlive/texmf-dist/tex/latex/graphics/lscape.sty
Package: lscape 2000/10/22 v3.01 Landscape Pages (DPC)

(/usr/share/texlive/texmf-dist/tex/latex/graphics/graphics.sty
Package: graphics 2019/11/30 v1.4a Standard LaTeX Graphics (DPC,SPQR)

(/usr/share/texlive/texmf-dist/tex/latex/graphics/trig.sty
Package: trig 2016/01/03 v1.10 sin cos tan (DPC)
)
(/usr/share/texlive/texmf-dist/tex/latex/graphics-cfg/graphics.cfg
File: graphics.cfg 2016/06/04 v1.11 sample graphics configuration
)
Package graphics Info: Driver file: pdftex.def on input line 105.

(/usr/share/texlive/texmf-dist/tex/latex/graphics-def/pdftex.def
File: pdftex.def 2018/01/08 v1.0l Graphics/color driver for pdftex
)))

Package array Warning: Column w is already defined on input line 25.

(/usr/share/texlive/texmf-dist/tex/latex/graphics/graphicx.sty
Package: graphicx 2019/11/30 v1.2a Enhanced LaTeX Graphics (DPC,SPQR)
\Gin@req@height=\dimen144
\Gin@req@width=\dimen145
)
(/usr/share/texlive/texmf-dist/tex/latex/floatflt/floatflt.sty
Package: floatflt 1997/07/16 v. 1.31
\c@OptionTest=\count184
\figbox=\box53
\tabbox=\box54
\pagebox=\box55
\ffigcount=\count185
\ftabcount=\count186
\fftest=\count187
\hangcount=\count188
\nosuccesstryfig=\count189
\nosuccesstrytab=\count190
\figgutter=\dimen146
\tabgutter=\dimen147
\htdone=\dimen148
\pageht=\dimen149
\startpageht=\dimen150
\tabbredd=\dimen151
\floatfltwidth=\dimen152
\fltitemwidth=\dimen153
\outputpretest=\toks20
)

Class scrartcl Warning: Usage of package `tocloft' together
(scrartcl)              with a KOMA-Script class is not recommended.
(scrartcl)              I'd suggest to use options like `listof=entryprefix',
(scrartcl)              commands like `\listoflofentryname' or
(scrartcl)              `\listoflotentryname', and `\DeclareTOCStyleEntry' or
(scrartcl)              `\RedeclareSectionCommand' instead of this package,
(scrartcl)              because it breaks several KOMA-Script features of
(scrartcl)              the list of figures, list of tables and table of
(scrartcl)              contents, i.e., options like `listof=numbered',
(scrartcl)              `listof=flat or `toc=flat', commands like
(scrartcl)              `\BeforeTOCHead{...}' and `\AfterTOCHead{...}',
(scrartcl)              `\BeforeStartingTOC{...}' and \AfterStartingTOC{...}',
(scrartcl)              all features of `\DeclareTOCStyleEntry',
(scrartcl)              and the ToC entry features of `\DeclareSecionCommand'
(scrartcl)              and `\RedeclareSectionCommand' of levels
(scrartcl)              `part', `chapter', `section', `subsection',
(scrartcl)              `subsubsection', `paragraph' and `subparagraph'.
(scrartcl)              Nevertheless, using requested
(scrartcl)              package `tocloft' on input line 35.

(/usr/share/texlive/texmf-dist/tex/latex/tocloft/tocloft.sty
Package: tocloft 2017/08/31 v2.3i parameterised ToC, etc., typesetting
Package tocloft Info: The document has section divisions on input line 51.
\cftparskip=\skip83
\cftbeforetoctitleskip=\skip84
\cftaftertoctitleskip=\skip85
\cftbeforepartskip=\skip86
\cftpartnumwidth=\skip87
\cftpartindent=\skip88
\cftbeforesecskip=\skip89
\cftsecindent=\skip90
\cftsecnumwidth=\skip91
\cftbeforesubsecskip=\skip92
\cftsubsecindent=\skip93
\cftsubsecnumwidth=\skip94
\cftbeforesubsubsecskip=\skip95
\cftsubsubsecindent=\skip96
\cftsubsubsecnumwidth=\skip97
\cftbeforeparaskip=\skip98
\cftparaindent=\skip99
\cftparanumwidth=\skip100
\cftbeforesubparaskip=\skip101
\cftsubparaindent=\skip102
\cftsubparanumwidth=\skip103
\cftbeforeloftitleskip=\skip104
\cftafterloftitleskip=\skip105
\cftbeforefigskip=\skip106
\cftfigindent=\skip107
\cftfignumwidth=\skip108
\c@lofdepth=\count191
\c@lotdepth=\count192
\cftbeforelottitleskip=\skip109
\cftafterlottitleskip=\skip110
\cftbeforetabskip=\skip111
\cfttabindent=\skip112
\cfttabnumwidth=\skip113
)
(/usr/share/texlive/texmf-dist/tex/latex/amsmath/amsmath.sty
Package: amsmath 2020/01/20 v2.17e AMS math features
\@mathmargin=\skip114

For additional information on amsmath, use the `?' option.
(/usr/share/texlive/texmf-dist/tex/latex/amsmath/amstext.sty
Package: amstext 2000/06/29 v2.01 AMS text

(/usr/share/texlive/texmf-dist/tex/latex/amsmath/amsgen.sty
File: amsgen.sty 1999/11/30 v2.0 generic functions
\@emptytoks=\toks21
\ex@=\dimen154
))
(/usr/share/texlive/texmf-dist/tex/latex/amsmath/amsbsy.sty
Package: amsbsy 1999/11/29 v1.2d Bold Symbols
\pmbraise@=\dimen155
)
(/usr/share/texlive/texmf-dist/tex/latex/amsmath/amsopn.sty
Package: amsopn 2016/03/08 v2.02 operator names
)
\inf@bad=\count193
LaTeX Info: Redefining \frac on input line 227.
\uproot@=\count194
\leftroot@=\count195
LaTeX Info: Redefining \overline on input line 389.
\classnum@=\count196
\DOTSCASE@=\count197
LaTeX Info: Redefining \ldots on input line 486.
LaTeX Info: Redefining \dots on input line 489.
LaTeX Info: Redefining \cdots on input line 610.
\Mathstrutbox@=\box56
\strutbox@=\box57
\big@size=\dimen156
LaTeX Font Info:    Redeclaring font encoding OML on input line 733.
LaTeX Font Info:    Redeclaring font encoding OMS on input line 734.
\macc@depth=\count198
\c@MaxMatrixCols=\count199
\dotsspace@=\muskip16
\c@parentequation=\count266
\dspbrk@lvl=\count267
\tag@help=\toks22
\row@=\count268
\column@=\count269
\maxfields@=\count270
\andhelp@=\toks23
\eqnshift@=\dimen157
\alignsep@=\dimen158
\tagshift@=\dimen159
\tagwidth@=\dimen160
\totwidth@=\dimen161
\lineht@=\dimen162
\@envbody=\toks24
\multlinegap=\skip115
\multlinetaggap=\skip116
\mathdisplay@stack=\toks25
LaTeX Info: Redefining \[ on input line 2859.
LaTeX Info: Redefining \] on input line 2860.
)
(/usr/share/texlive/texmf-dist/tex/latex/amsfonts/amsfonts.sty
Package: amsfonts 2013/01/14 v3.01 Basic AMSFonts support
\symAMSa=\mathgroup4
\symAMSb=\mathgroup5
LaTeX Font Info:    Redeclaring math symbol \hbar on input line 98.
LaTeX Font Info:    Overwriting math alphabet `\mathfrak' in version `bold'
(Font)                  U/euf/m/n --> U/euf/b/n on input line 106.
)
(/usr/share/texlive/texmf-dist/tex/latex/enumitem/enumitem.sty
Package: enumitem 2019/06/20 v3.9 Customized lists
\labelindent=\skip117
\enit@outerparindent=\dimen163
\enit@toks=\toks26
\enit@inbox=\box58
\enit@count@id=\count271
\enitdp@description=\count272
)
(/usr/share/texlive/texmf-dist/tex/latex/tools/xspace.sty
Package: xspace 2014/10/28 v1.13 Space after command names (DPC,MH)
)
(/usr/share/texlive/texmf-dist/tex/latex/base/makeidx.sty
Package: makeidx 2014/09/29 v1.0m Standard LaTeX package
)
(/usr/share/texlive/texmf-dist/tex/latex/acronym/acronym.sty
Package: acronym 2019/11/11 v1.42 Support for acronyms (Tobias Oetiker)

(/usr/share/texlive/texmf-dist/tex/latex/bigfoot/suffix.sty
Package: suffix 2006/07/15 1.5a Variant command support
)
(/usr/share/texlive/texmf-dist/tex/generic/xstring/xstring.sty
(/usr/share/texlive/texmf-dist/tex/generic/xstring/xstring.tex
\integerpart=\count273
\decimalpart=\count274
)
Package: xstring 2019/02/06 v1.83 String manipulations (CT)
)
\AC@clearlist=\toks27
)
(/usr/share/texlive/texmf-dist/tex/latex/setspace/setspace.sty
Package: setspace 2011/12/19 v6.7a set line spacing
)
(/usr/share/texlive/texmf-dist/tex/latex/geometry/geometry.sty
Package: geometry 2020/01/02 v5.9 Page Geometry

(/usr/share/texlive/texmf-dist/tex/generic/iftex/ifvtex.sty
Package: ifvtex 2019/10/25 v1.7 ifvtex legacy package. Use iftex instead.

(/usr/share/texlive/texmf-dist/tex/generic/iftex/iftex.sty
Package: iftex 2019/11/07 v1.0c TeX engine tests
))
\Gm@cnth=\count275
\Gm@cntv=\count276
\c@Gm@tempcnt=\count277
\Gm@bindingoffset=\dimen164
\Gm@wd@mp=\dimen165
\Gm@odd@mp=\dimen166
\Gm@even@mp=\dimen167
\Gm@layoutwidth=\dimen168
\Gm@layoutheight=\dimen169
\Gm@layouthoffset=\dimen170
\Gm@layoutvoffset=\dimen171
\Gm@dimlist=\toks28
)
(/usr/share/texlive/texmf-dist/tex/latex/nomencl/nomencl.sty
Package: nomencl 2019/11/23 v5.3 Nomenclature package

(/usr/share/texlive/texmf-dist/tex/latex/xkeyval/xkeyval.sty
Package: xkeyval 2014/12/03 v2.7a package option processing (HA)

(/usr/share/texlive/texmf-dist/tex/generic/xkeyval/xkeyval.tex
(/usr/share/texlive/texmf-dist/tex/generic/xkeyval/xkvutils.tex
\XKV@toks=\toks29
\XKV@tempa@toks=\toks30
)
\XKV@depth=\count278
File: xkeyval.tex 2014/12/03 v2.7a key=value parser (HA)
))
(/usr/share/texlive/texmf-dist/tex/latex/base/ifthen.sty
Package: ifthen 2014/09/29 v1.1c Standard LaTeX ifthen package (DPC)
)
Package tocbasic Info: setting babel extension for `nlo' on input line 163.
Package tocbasic Info: setting babel extension for `nls' on input line 164.
\nomlabelwidth=\dimen172
\nom@tempdim=\dimen173
\nomitemsep=\skip118
)
(/usr/share/texlive/texmf-dist/tex/latex/tools/varioref.sty
Package: varioref 2020/01/23 v1.6c package for extended references (FMi)
\c@vrcnt=\count279
)
(/usr/share/texlive/texmf-dist/tex/latex/url/url.sty
\Urlmuskip=\muskip17
Package: url 2013/09/16  ver 3.4  Verb mode for urls, etc.
)
(/usr/share/texlive/texmf-dist/tex/latex/chngcntr/chngcntr.sty
Package: chngcntr 2018/04/09 v1.1a change counter resetting
Package chngcntr Info: \counterwithout already defined.
(chngcntr)             Quitting chngcntr on input line 21.
)
(/usr/share/texlive/texmf-dist/tex/latex/todonotes/todonotes.sty
Package: todonotes 2019/01/24 v1.1.2 Todonotes source and documentation.
Package: todonotes 2018/11/22

(/usr/share/texlive/texmf-dist/tex/latex/xcolor/xcolor.sty
Package: xcolor 2016/05/11 v2.12 LaTeX color extensions (UK)

(/usr/share/texlive/texmf-dist/tex/latex/graphics-cfg/color.cfg
File: color.cfg 2016/01/02 v1.6 sample color configuration
)
Package xcolor Info: Driver file: pdftex.def on input line 225.

(/usr/share/texlive/texmf-dist/tex/latex/colortbl/colortbl.sty
Package: colortbl 2020/01/04 v1.0e Color table columns (DPC)
\everycr=\toks31
\minrowclearance=\skip119
)
\rownum=\count280
Package xcolor Info: Model `cmy' substituted by `cmy0' on input line 1348.
Package xcolor Info: Model `hsb' substituted by `rgb' on input line 1352.
Package xcolor Info: Model `RGB' extended on input line 1364.
Package xcolor Info: Model `HTML' substituted by `rgb' on input line 1366.
Package xcolor Info: Model `Hsb' substituted by `hsb' on input line 1367.
Package xcolor Info: Model `tHsb' substituted by `hsb' on input line 1368.
Package xcolor Info: Model `HSB' substituted by `hsb' on input line 1369.
Package xcolor Info: Model `Gray' substituted by `gray' on input line 1370.
Package xcolor Info: Model `wave' substituted by `hsb' on input line 1371.
)
(/usr/share/texlive/texmf-dist/tex/latex/pgf/frontendlayer/tikz.sty
(/usr/share/texlive/texmf-dist/tex/latex/pgf/basiclayer/pgf.sty
(/usr/share/texlive/texmf-dist/tex/latex/pgf/utilities/pgfrcs.sty
(/usr/share/texlive/texmf-dist/tex/generic/pgf/utilities/pgfutil-common.tex
\pgfutil@everybye=\toks32
\pgfutil@tempdima=\dimen174
\pgfutil@tempdimb=\dimen175

(/usr/share/texlive/texmf-dist/tex/generic/pgf/utilities/pgfutil-common-lists.t
ex)) (/usr/share/texlive/texmf-dist/tex/generic/pgf/utilities/pgfutil-latex.def
\pgfutil@abb=\box59
(/usr/share/texlive/texmf-dist/tex/latex/ms/everyshi.sty
Package: everyshi 2001/05/15 v3.00 EveryShipout Package (MS)
))
(/usr/share/texlive/texmf-dist/tex/generic/pgf/utilities/pgfrcs.code.tex
(/usr/share/texlive/texmf-dist/tex/generic/pgf/pgf.revision.tex)
Package: pgfrcs 2020/01/08 v3.1.5b (3.1.5b)
))
Package: pgf 2020/01/08 v3.1.5b (3.1.5b)

(/usr/share/texlive/texmf-dist/tex/latex/pgf/basiclayer/pgfcore.sty
(/usr/share/texlive/texmf-dist/tex/latex/pgf/systemlayer/pgfsys.sty
(/usr/share/texlive/texmf-dist/tex/generic/pgf/systemlayer/pgfsys.code.tex
Package: pgfsys 2020/01/08 v3.1.5b (3.1.5b)

(/usr/share/texlive/texmf-dist/tex/generic/pgf/utilities/pgfkeys.code.tex
\pgfkeys@pathtoks=\toks33
\pgfkeys@temptoks=\toks34

(/usr/share/texlive/texmf-dist/tex/generic/pgf/utilities/pgfkeysfiltered.code.t
ex
\pgfkeys@tmptoks=\toks35
))
\pgf@x=\dimen176
\pgf@y=\dimen177
\pgf@xa=\dimen178
\pgf@ya=\dimen179
\pgf@xb=\dimen180
\pgf@yb=\dimen181
\pgf@xc=\dimen182
\pgf@yc=\dimen183
\pgf@xd=\dimen184
\pgf@yd=\dimen185
\w@pgf@writea=\write3
\r@pgf@reada=\read3
\c@pgf@counta=\count281
\c@pgf@countb=\count282
\c@pgf@countc=\count283
\c@pgf@countd=\count284
\t@pgf@toka=\toks36
\t@pgf@tokb=\toks37
\t@pgf@tokc=\toks38
\pgf@sys@id@count=\count285
 (/usr/share/texlive/texmf-dist/tex/generic/pgf/systemlayer/pgf.cfg
File: pgf.cfg 2020/01/08 v3.1.5b (3.1.5b)
)
Driver file for pgf: pgfsys-pdftex.def

(/usr/share/texlive/texmf-dist/tex/generic/pgf/systemlayer/pgfsys-pdftex.def
File: pgfsys-pdftex.def 2020/01/08 v3.1.5b (3.1.5b)

(/usr/share/texlive/texmf-dist/tex/generic/pgf/systemlayer/pgfsys-common-pdf.de
f
File: pgfsys-common-pdf.def 2020/01/08 v3.1.5b (3.1.5b)
)))
(/usr/share/texlive/texmf-dist/tex/generic/pgf/systemlayer/pgfsyssoftpath.code.
tex
File: pgfsyssoftpath.code.tex 2020/01/08 v3.1.5b (3.1.5b)
\pgfsyssoftpath@smallbuffer@items=\count286
\pgfsyssoftpath@bigbuffer@items=\count287
)
(/usr/share/texlive/texmf-dist/tex/generic/pgf/systemlayer/pgfsysprotocol.code.
tex
File: pgfsysprotocol.code.tex 2020/01/08 v3.1.5b (3.1.5b)
))
(/usr/share/texlive/texmf-dist/tex/generic/pgf/basiclayer/pgfcore.code.tex
Package: pgfcore 2020/01/08 v3.1.5b (3.1.5b)

(/usr/share/texlive/texmf-dist/tex/generic/pgf/math/pgfmath.code.tex
(/usr/share/texlive/texmf-dist/tex/generic/pgf/math/pgfmathcalc.code.tex
(/usr/share/texlive/texmf-dist/tex/generic/pgf/math/pgfmathutil.code.tex)
(/usr/share/texlive/texmf-dist/tex/generic/pgf/math/pgfmathparser.code.tex
\pgfmath@dimen=\dimen186
\pgfmath@count=\count288
\pgfmath@box=\box60
\pgfmath@toks=\toks39
\pgfmath@stack@operand=\toks40
\pgfmath@stack@operation=\toks41
)
(/usr/share/texlive/texmf-dist/tex/generic/pgf/math/pgfmathfunctions.code.tex
(/usr/share/texlive/texmf-dist/tex/generic/pgf/math/pgfmathfunctions.basic.code
.tex)
(/usr/share/texlive/texmf-dist/tex/generic/pgf/math/pgfmathfunctions.trigonomet
ric.code.tex)
(/usr/share/texlive/texmf-dist/tex/generic/pgf/math/pgfmathfunctions.random.cod
e.tex)
(/usr/share/texlive/texmf-dist/tex/generic/pgf/math/pgfmathfunctions.comparison
.code.tex)
(/usr/share/texlive/texmf-dist/tex/generic/pgf/math/pgfmathfunctions.base.code.
tex)
(/usr/share/texlive/texmf-dist/tex/generic/pgf/math/pgfmathfunctions.round.code
.tex)
(/usr/share/texlive/texmf-dist/tex/generic/pgf/math/pgfmathfunctions.misc.code.
tex)
(/usr/share/texlive/texmf-dist/tex/generic/pgf/math/pgfmathfunctions.integerari
thmetics.code.tex)))
(/usr/share/texlive/texmf-dist/tex/generic/pgf/math/pgfmathfloat.code.tex
\c@pgfmathroundto@lastzeros=\count289
))
(/usr/share/texlive/texmf-dist/tex/generic/pgf/math/pgfint.code.tex)
(/usr/share/texlive/texmf-dist/tex/generic/pgf/basiclayer/pgfcorepoints.code.te
x
File: pgfcorepoints.code.tex 2020/01/08 v3.1.5b (3.1.5b)
\pgf@picminx=\dimen187
\pgf@picmaxx=\dimen188
\pgf@picminy=\dimen189
\pgf@picmaxy=\dimen190
\pgf@pathminx=\dimen191
\pgf@pathmaxx=\dimen192
\pgf@pathminy=\dimen193
\pgf@pathmaxy=\dimen194
\pgf@xx=\dimen195
\pgf@xy=\dimen196
\pgf@yx=\dimen197
\pgf@yy=\dimen198
\pgf@zx=\dimen199
\pgf@zy=\dimen256
)
(/usr/share/texlive/texmf-dist/tex/generic/pgf/basiclayer/pgfcorepathconstruct.
code.tex
File: pgfcorepathconstruct.code.tex 2020/01/08 v3.1.5b (3.1.5b)
\pgf@path@lastx=\dimen257
\pgf@path@lasty=\dimen258
)
(/usr/share/texlive/texmf-dist/tex/generic/pgf/basiclayer/pgfcorepathusage.code
.tex
File: pgfcorepathusage.code.tex 2020/01/08 v3.1.5b (3.1.5b)
\pgf@shorten@end@additional=\dimen259
\pgf@shorten@start@additional=\dimen260
)
(/usr/share/texlive/texmf-dist/tex/generic/pgf/basiclayer/pgfcorescopes.code.te
x
File: pgfcorescopes.code.tex 2020/01/08 v3.1.5b (3.1.5b)
\pgfpic=\box61
\pgf@hbox=\box62
\pgf@layerbox@main=\box63
\pgf@picture@serial@count=\count290
)
(/usr/share/texlive/texmf-dist/tex/generic/pgf/basiclayer/pgfcoregraphicstate.c
ode.tex
File: pgfcoregraphicstate.code.tex 2020/01/08 v3.1.5b (3.1.5b)
\pgflinewidth=\dimen261
)
(/usr/share/texlive/texmf-dist/tex/generic/pgf/basiclayer/pgfcoretransformation
s.code.tex
File: pgfcoretransformations.code.tex 2020/01/08 v3.1.5b (3.1.5b)
\pgf@pt@x=\dimen262
\pgf@pt@y=\dimen263
\pgf@pt@temp=\dimen264
)
(/usr/share/texlive/texmf-dist/tex/generic/pgf/basiclayer/pgfcorequick.code.tex
File: pgfcorequick.code.tex 2020/01/08 v3.1.5b (3.1.5b)
)
(/usr/share/texlive/texmf-dist/tex/generic/pgf/basiclayer/pgfcoreobjects.code.t
ex
File: pgfcoreobjects.code.tex 2020/01/08 v3.1.5b (3.1.5b)
)
(/usr/share/texlive/texmf-dist/tex/generic/pgf/basiclayer/pgfcorepathprocessing
.code.tex
File: pgfcorepathprocessing.code.tex 2020/01/08 v3.1.5b (3.1.5b)
)
(/usr/share/texlive/texmf-dist/tex/generic/pgf/basiclayer/pgfcorearrows.code.te
x
File: pgfcorearrows.code.tex 2020/01/08 v3.1.5b (3.1.5b)
\pgfarrowsep=\dimen265
)
(/usr/share/texlive/texmf-dist/tex/generic/pgf/basiclayer/pgfcoreshade.code.tex
File: pgfcoreshade.code.tex 2020/01/08 v3.1.5b (3.1.5b)
\pgf@max=\dimen266
\pgf@sys@shading@range@num=\count291
\pgf@shadingcount=\count292
)
(/usr/share/texlive/texmf-dist/tex/generic/pgf/basiclayer/pgfcoreimage.code.tex
File: pgfcoreimage.code.tex 2020/01/08 v3.1.5b (3.1.5b)

(/usr/share/texlive/texmf-dist/tex/generic/pgf/basiclayer/pgfcoreexternal.code.
tex
File: pgfcoreexternal.code.tex 2020/01/08 v3.1.5b (3.1.5b)
\pgfexternal@startupbox=\box64
))
(/usr/share/texlive/texmf-dist/tex/generic/pgf/basiclayer/pgfcorelayers.code.te
x
File: pgfcorelayers.code.tex 2020/01/08 v3.1.5b (3.1.5b)
)
(/usr/share/texlive/texmf-dist/tex/generic/pgf/basiclayer/pgfcoretransparency.c
ode.tex
File: pgfcoretransparency.code.tex 2020/01/08 v3.1.5b (3.1.5b)
)
(/usr/share/texlive/texmf-dist/tex/generic/pgf/basiclayer/pgfcorepatterns.code.
tex
File: pgfcorepatterns.code.tex 2020/01/08 v3.1.5b (3.1.5b)
)
(/usr/share/texlive/texmf-dist/tex/generic/pgf/basiclayer/pgfcorerdf.code.tex
File: pgfcorerdf.code.tex 2020/01/08 v3.1.5b (3.1.5b)
)))
(/usr/share/texlive/texmf-dist/tex/generic/pgf/modules/pgfmoduleshapes.code.tex
File: pgfmoduleshapes.code.tex 2020/01/08 v3.1.5b (3.1.5b)
\pgfnodeparttextbox=\box65
) (/usr/share/texlive/texmf-dist/tex/generic/pgf/modules/pgfmoduleplot.code.tex
File: pgfmoduleplot.code.tex 2020/01/08 v3.1.5b (3.1.5b)
)
(/usr/share/texlive/texmf-dist/tex/latex/pgf/compatibility/pgfcomp-version-0-65
.sty
Package: pgfcomp-version-0-65 2020/01/08 v3.1.5b (3.1.5b)
\pgf@nodesepstart=\dimen267
\pgf@nodesepend=\dimen268
)
(/usr/share/texlive/texmf-dist/tex/latex/pgf/compatibility/pgfcomp-version-1-18
.sty
Package: pgfcomp-version-1-18 2020/01/08 v3.1.5b (3.1.5b)
)) (/usr/share/texlive/texmf-dist/tex/latex/pgf/utilities/pgffor.sty
(/usr/share/texlive/texmf-dist/tex/latex/pgf/utilities/pgfkeys.sty
(/usr/share/texlive/texmf-dist/tex/generic/pgf/utilities/pgfkeys.code.tex))
(/usr/share/texlive/texmf-dist/tex/latex/pgf/math/pgfmath.sty
(/usr/share/texlive/texmf-dist/tex/generic/pgf/math/pgfmath.code.tex))
(/usr/share/texlive/texmf-dist/tex/generic/pgf/utilities/pgffor.code.tex
Package: pgffor 2020/01/08 v3.1.5b (3.1.5b)

(/usr/share/texlive/texmf-dist/tex/generic/pgf/math/pgfmath.code.tex)
\pgffor@iter=\dimen269
\pgffor@skip=\dimen270
\pgffor@stack=\toks42
\pgffor@toks=\toks43
))
(/usr/share/texlive/texmf-dist/tex/generic/pgf/frontendlayer/tikz/tikz.code.tex
Package: tikz 2020/01/08 v3.1.5b (3.1.5b)

(/usr/share/texlive/texmf-dist/tex/generic/pgf/libraries/pgflibraryplothandlers
.code.tex
File: pgflibraryplothandlers.code.tex 2020/01/08 v3.1.5b (3.1.5b)
\pgf@plot@mark@count=\count293
\pgfplotmarksize=\dimen271
)
\tikz@lastx=\dimen272
\tikz@lasty=\dimen273
\tikz@lastxsaved=\dimen274
\tikz@lastysaved=\dimen275
\tikz@lastmovetox=\dimen276
\tikz@lastmovetoy=\dimen277
\tikzleveldistance=\dimen278
\tikzsiblingdistance=\dimen279
\tikz@figbox=\box66
\tikz@figbox@bg=\box67
\tikz@tempbox=\box68
\tikz@tempbox@bg=\box69
\tikztreelevel=\count294
\tikznumberofchildren=\count295
\tikznumberofcurrentchild=\count296
\tikz@fig@count=\count297

(/usr/share/texlive/texmf-dist/tex/generic/pgf/modules/pgfmodulematrix.code.tex
File: pgfmodulematrix.code.tex 2020/01/08 v3.1.5b (3.1.5b)
\pgfmatrixcurrentrow=\count298
\pgfmatrixcurrentcolumn=\count299
\pgf@matrix@numberofcolumns=\count300
)
\tikz@expandcount=\count301

(/usr/share/texlive/texmf-dist/tex/generic/pgf/frontendlayer/tikz/libraries/tik
zlibrarytopaths.code.tex
File: tikzlibrarytopaths.code.tex 2020/01/08 v3.1.5b (3.1.5b)
)))
(/usr/share/texlive/texmf-dist/tex/generic/pgf/frontendlayer/tikz/libraries/tik
zlibrarypositioning.code.tex
File: tikzlibrarypositioning.code.tex 2020/01/08 v3.1.5b (3.1.5b)
)
(/usr/share/texlive/texmf-dist/tex/generic/pgf/frontendlayer/tikz/libraries/tik
zlibraryshadows.code.tex
File: tikzlibraryshadows.code.tex 2020/01/08 v3.1.5b (3.1.5b)

(/usr/share/texlive/texmf-dist/tex/generic/pgf/frontendlayer/tikz/libraries/tik
zlibraryfadings.code.tex
File: tikzlibraryfadings.code.tex 2020/01/08 v3.1.5b (3.1.5b)

(/usr/share/texlive/texmf-dist/tex/generic/pgf/libraries/pgflibraryfadings.code
.tex
File: pgflibraryfadings.code.tex 2020/01/08 v3.1.5b (3.1.5b)
))) (/usr/share/texlive/texmf-dist/tex/latex/tools/calc.sty
Package: calc 2017/05/25 v4.3 Infix arithmetic (KKT,FJ)
\calc@Acount=\count302
\calc@Bcount=\count303
\calc@Adimen=\dimen280
\calc@Bdimen=\dimen281
\calc@Askip=\skip120
\calc@Bskip=\skip121
LaTeX Info: Redefining \setlength on input line 80.
LaTeX Info: Redefining \addtolength on input line 81.
\calc@Ccount=\count304
\calc@Cskip=\skip122
)
\c@@todonotes@numberoftodonotes=\count305
)
(/usr/share/texlive/texmf-dist/tex/latex/natbib/natbib.sty
Package: natbib 2010/09/13 8.31b (PWD, AO)
\bibhang=\skip123
\bibsep=\skip124
LaTeX Info: Redefining \cite on input line 694.
\c@NAT@ctr=\count306

Local config file natbib.cfg used
(./natbib.cfg)) (/usr/share/texlive/texmf-dist/tex/latex/pdfpages/pdfpages.sty
Package: pdfpages 2020/01/28 v0.5q Insert pages of external PDF documents (AM)

(/usr/share/texlive/texmf-dist/tex/latex/eso-pic/eso-pic.sty
Package: eso-pic 2018/04/12 v2.0h eso-pic (RN)

(/usr/share/texlive/texmf-dist/tex/generic/atbegshi/atbegshi.sty
Package: atbegshi 2019/12/05 v1.19 At begin shipout hook (HO)

(/usr/share/texlive/texmf-dist/tex/generic/infwarerr/infwarerr.sty
Package: infwarerr 2019/12/03 v1.5 Providing info/warning/error messages (HO)
)
(/usr/share/texlive/texmf-dist/tex/generic/ltxcmds/ltxcmds.sty
Package: ltxcmds 2019/12/15 v1.24 LaTeX kernel commands for general use (HO)
)))
\AM@pagewidth=\dimen282
\AM@pageheight=\dimen283

(/usr/share/texlive/texmf-dist/tex/latex/pdfpages/pppdftex.def
File: pppdftex.def 2020/01/28 v0.5q Pdfpages driver for pdfTeX (AM)
)
\AM@pagebox=\box70
\AM@global@opts=\toks44
\AM@pagecnt=\count307
\AM@toc@title=\toks45
\c@AM@survey=\count308
\AM@templatesizebox=\box71
)
(/usr/share/texlive/texmf-dist/tex/latex/hyperref/hyperref.sty
Package: hyperref 2020/01/14 v7.00d Hypertext links for LaTeX

(/usr/share/texlive/texmf-dist/tex/latex/pdftexcmds/pdftexcmds.sty
Package: pdftexcmds 2019/11/24 v0.31 Utility functions of pdfTeX for LuaTeX (HO
)
Package pdftexcmds Info: \pdf@primitive is available.
Package pdftexcmds Info: \pdf@ifprimitive is available.
Package pdftexcmds Info: \pdfdraftmode found.
)
(/usr/share/texlive/texmf-dist/tex/generic/kvsetkeys/kvsetkeys.sty
Package: kvsetkeys 2019/12/15 v1.18 Key value parser (HO)
)
(/usr/share/texlive/texmf-dist/tex/generic/kvdefinekeys/kvdefinekeys.sty
Package: kvdefinekeys 2019-12-19 v1.6 Define keys (HO)
)
(/usr/share/texlive/texmf-dist/tex/generic/pdfescape/pdfescape.sty
Package: pdfescape 2019/12/09 v1.15 Implements pdfTeX's escape features (HO)
)
(/usr/share/texlive/texmf-dist/tex/latex/hycolor/hycolor.sty
Package: hycolor 2020-01-27 v1.10 Color options for hyperref/bookmark (HO)
)
(/usr/share/texlive/texmf-dist/tex/latex/letltxmacro/letltxmacro.sty
Package: letltxmacro 2019/12/03 v1.6 Let assignment for LaTeX macros (HO)
)
(/usr/share/texlive/texmf-dist/tex/latex/auxhook/auxhook.sty
Package: auxhook 2019-12-17 v1.6 Hooks for auxiliary files (HO)
)
(/usr/share/texlive/texmf-dist/tex/latex/kvoptions/kvoptions.sty
Package: kvoptions 2019/11/29 v3.13 Key value format for package options (HO)
)
\@linkdim=\dimen284
\Hy@linkcounter=\count309
\Hy@pagecounter=\count310

(/usr/share/texlive/texmf-dist/tex/latex/hyperref/pd1enc.def
File: pd1enc.def 2020/01/14 v7.00d Hyperref: PDFDocEncoding definition (HO)
Now handling font encoding PD1 ...
... no UTF-8 mapping file for font encoding PD1
)
(/usr/share/texlive/texmf-dist/tex/generic/intcalc/intcalc.sty
Package: intcalc 2019/12/15 v1.3 Expandable calculations with integers (HO)
)
(/usr/share/texlive/texmf-dist/tex/generic/etexcmds/etexcmds.sty
Package: etexcmds 2019/12/15 v1.7 Avoid name clashes with e-TeX commands (HO)
)
\Hy@SavedSpaceFactor=\count311
\pdfmajorversion=\count312
Package hyperref Info: Option `bookmarks' set `true' on input line 4421.
Package hyperref Info: Option `bookmarksnumbered' set `true' on input line 4421
.
Package hyperref Info: Option `bookmarksopen' set `true' on input line 4421.
Package hyperref Info: Option `colorlinks' set `true' on input line 4421.
Package hyperref Info: Option `plainpages' set `false' on input line 4421.
Package hyperref Info: Option `pdfpagelabels' set `true' on input line 4421.
Package hyperref Info: Option `hypertexnames' set `false' on input line 4421.
Package hyperref Info: Hyper figures OFF on input line 4547.
Package hyperref Info: Link nesting OFF on input line 4552.
Package hyperref Info: Hyper index ON on input line 4555.
Package hyperref Info: Plain pages OFF on input line 4562.
Package hyperref Info: Backreferencing OFF on input line 4567.
Package hyperref Info: Implicit mode ON; LaTeX internals redefined.
Package hyperref Info: Bookmarks ON on input line 4800.
\c@Hy@tempcnt=\count313
LaTeX Info: Redefining \url on input line 5159.
\XeTeXLinkMargin=\dimen285

(/usr/share/texlive/texmf-dist/tex/generic/bitset/bitset.sty
Package: bitset 2019/12/09 v1.3 Handle bit-vector datatype (HO)

(/usr/share/texlive/texmf-dist/tex/generic/bigintcalc/bigintcalc.sty
Package: bigintcalc 2019/12/15 v1.5 Expandable calculations on big integers (HO
)
))
\Fld@menulength=\count314
\Field@Width=\dimen286
\Fld@charsize=\dimen287
Package hyperref Info: Hyper figures OFF on input line 6430.
Package hyperref Info: Link nesting OFF on input line 6435.
Package hyperref Info: Hyper index ON on input line 6438.
Package hyperref Info: backreferencing OFF on input line 6445.
Package hyperref Info: Link coloring ON on input line 6448.
Package hyperref Info: Link coloring with OCG OFF on input line 6455.
Package hyperref Info: PDF/A mode OFF on input line 6460.
LaTeX Info: Redefining \ref on input line 6500.
LaTeX Info: Redefining \pageref on input line 6504.
\Hy@abspage=\count315
\c@Item=\count316
\c@Hfootnote=\count317
)
Package hyperref Info: Driver: hpdftex.

(/usr/share/texlive/texmf-dist/tex/latex/hyperref/hpdftex.def
File: hpdftex.def 2020/01/14 v7.00d Hyperref driver for pdfTeX

(/usr/share/texlive/texmf-dist/tex/latex/atveryend/atveryend.sty
Package: atveryend 2019-12-11 v1.11 Hooks at the very end of document (HO)
Package atveryend Info: \enddocument detected (standard20110627).
)
\Fld@listcount=\count318
\c@bookmark@seq@number=\count319

(/usr/share/texlive/texmf-dist/tex/latex/rerunfilecheck/rerunfilecheck.sty
Package: rerunfilecheck 2019/12/05 v1.9 Rerun checks for auxiliary files (HO)

(/usr/share/texlive/texmf-dist/tex/generic/uniquecounter/uniquecounter.sty
Package: uniquecounter 2019/12/15 v1.4 Provide unlimited unique counter (HO)
)
Package uniquecounter Info: New unique counter `rerunfilecheck' on input line 2
86.
)
\Hy@SectionHShift=\skip125
)
(/usr/share/texlive/texmf-dist/tex/latex/listings/listings.sty
\lst@mode=\count320
\lst@gtempboxa=\box72
\lst@token=\toks46
\lst@length=\count321
\lst@currlwidth=\dimen288
\lst@column=\count322
\lst@pos=\count323
\lst@lostspace=\dimen289
\lst@width=\dimen290
\lst@newlines=\count324
\lst@lineno=\count325
\lst@maxwidth=\dimen291

(/usr/share/texlive/texmf-dist/tex/latex/listings/lstmisc.sty
File: lstmisc.sty 2019/09/10 1.8c (Carsten Heinz)
\c@lstnumber=\count326
\lst@skipnumbers=\count327
\lst@framebox=\box73
)
(/usr/share/texlive/texmf-dist/tex/latex/listings/listings.cfg
File: listings.cfg 2019/09/10 1.8c listings configuration
))
Package: listings 2019/09/10 1.8c (Carsten Heinz)
)
(./Allgemein/Seitenstil.tex
(/usr/share/texlive/texmf-dist/tex/latex/koma-script/scrlayer-scrpage.sty
Package: scrlayer-scrpage 2020/01/24 v3.29 KOMA-Script package (end user interf
ace for scrlayer)

(/usr/share/texlive/texmf-dist/tex/latex/koma-script/scrlayer.sty
Package: scrlayer 2020/01/24 v3.29 KOMA-Script package (defining layers and pag
e styles)
Package scrlayer Info: Using already defined \footheight
(scrlayer)             hoping, that this is a length and
(scrlayer)             not only a macro on input line 109.
Package scrlayer Info: patching LaTeX kernel macro \pagestyle on input line 210
6.
)
Package scrlayer-scrpage Info: Makeing stand-alone element `pagehead' from
(scrlayer-scrpage)             alias to `pageheadfoot' on input line 1244.
Package scrlayer-scrpage Info: deactivating warning for font element
(scrlayer-scrpage)             `pagefoot' on input line 1271.
)
Package scrlayer-scrpage Info: auto-selection of `pagestyleset=KOMA-Script'.

1: subsection
1: section
1: section
1: subsection
) (./Allgemein/Befehle.tex
\myx=\skip126
\myy=\skip127
) (./Befehle.tex)
(/usr/share/texlive/texmf-dist/tex/latex/l3backend/l3backend-pdfmode.def
File: l3backend-pdfmode.def 2020-02-03 L3 backend support: PDF mode
\l__kernel_color_stack_int=\count328
\l__pdf_internal_box=\box74
)
(./Projektdokumentation.aux)
\openout1 = `Projektdokumentation.aux'.

LaTeX Font Info:    Checking defaults for OML/cmm/m/it on input line 28.
LaTeX Font Info:    ... okay on input line 28.
LaTeX Font Info:    Checking defaults for OMS/cmsy/m/n on input line 28.
LaTeX Font Info:    ... okay on input line 28.
LaTeX Font Info:    Checking defaults for OT1/cmr/m/n on input line 28.
LaTeX Font Info:    ... okay on input line 28.
LaTeX Font Info:    Checking defaults for T1/cmr/m/n on input line 28.
LaTeX Font Info:    ... okay on input line 28.
LaTeX Font Info:    Checking defaults for TS1/cmr/m/n on input line 28.
LaTeX Font Info:    ... okay on input line 28.
LaTeX Font Info:    Checking defaults for OMX/cmex/m/n on input line 28.
LaTeX Font Info:    ... okay on input line 28.
LaTeX Font Info:    Checking defaults for U/cmr/m/n on input line 28.
LaTeX Font Info:    ... okay on input line 28.
LaTeX Font Info:    Checking defaults for PD1/pdf/m/n on input line 28.
LaTeX Font Info:    ... okay on input line 28.
LaTeX Font Info:    Trying to load font information for T1+lmr on input line 28
.
 (/usr/share/texmf/tex/latex/lm/t1lmr.fd
File: t1lmr.fd 2009/10/30 v1.6 Font defs for Latin Modern
)
ABD: EverySelectfont initializing macros
LaTeX Info: Redefining \selectfont on input line 28.

(/usr/share/texlive/texmf-dist/tex/context/base/mkii/supp-pdf.mkii
[Loading MPS to PDF converter (version 2006.09.02).]
\scratchcounter=\count329
\scratchdimen=\dimen292
\scratchbox=\box75
\nofMPsegments=\count330
\nofMParguments=\count331
\everyMPshowfont=\toks47
\MPscratchCnt=\count332
\MPscratchDim=\dimen293
\MPnumerator=\count333
\makeMPintoPDFobject=\count334
\everyMPtoPDFconversion=\toks48
) (/usr/share/texlive/texmf-dist/tex/latex/epstopdf-pkg/epstopdf-base.sty
Package: epstopdf-base 2020-01-24 v2.11 Base part for package epstopdf

(/usr/share/texlive/texmf-dist/tex/latex/grfext/grfext.sty
Package: grfext 2019/12/03 v1.3 Manage graphics extensions (HO)
)
Package epstopdf-base Info: Redefining graphics rule for `.eps' on input line 4
85.
Package grfext Info: Graphics extension search list:
(grfext)             [.pdf,.png,.jpg,.mps,.jpeg,.jbig2,.jb2,.PDF,.PNG,.JPG,.JPE
G,.JBIG2,.JB2,.eps]
(grfext)             \AppendGraphicsExtensions on input line 504.

(/usr/share/texlive/texmf-dist/tex/latex/latexconfig/epstopdf-sys.cfg
File: epstopdf-sys.cfg 2010/07/13 v1.3 Configuration of (r)epstopdf for TeX Liv
e
))
*geometry* driver: auto-detecting
*geometry* detected driver: pdftex
*geometry* verbose mode - [ preamble ] result:
* driver: pdftex
* paper: a4paper
* layout: <same size as paper>
* layoutoffset:(h,v)=(0.0pt,0.0pt)
* modes: 
* h-part:(L,W,R)=(56.9055pt, 483.69687pt, 56.9055pt)
* v-part:(T,H,B)=(71.13188pt, 674.33032pt, 99.58464pt)
* \paperwidth=597.50787pt
* \paperheight=845.04684pt
* \textwidth=483.69687pt
* \textheight=674.33032pt
* \oddsidemargin=-15.36449pt
* \evensidemargin=-15.36449pt
* \topmargin=-38.53812pt
* \headheight=42.67912pt
* \headsep=20.40001pt
* \topskip=9.51996pt
* \footskip=47.6pt
* \marginparwidth=59.7508pt
* \marginparsep=12.8401pt
* \columnsep=10.0pt
* \skip\footins=10.0pt plus 4.0pt minus 2.0pt
* \hoffset=0.0pt
* \voffset=0.0pt
* \mag=1000
* \@twocolumnfalse
* \@twosidefalse
* \@mparswitchfalse
* \@reversemarginfalse
* (1in=72.27pt=25.4mm, 1cm=28.453pt)

ABD: EveryShipout initializing macros
\AtBeginShipoutBox=\box76

(/usr/share/texlive/texmf-dist/tex/latex/pdflscape/pdflscape.sty
Package: pdflscape 2019/12/05 v0.12 Display of landscape pages in PDF (HO)
Package pdflscape Info: Auto-detected driver: pdftex on input line 81.
)
Package hyperref Info: Link coloring ON on input line 28.

(/usr/share/texlive/texmf-dist/tex/latex/hyperref/nameref.sty
Package: nameref 2019/09/16 v2.46 Cross-referencing by name of section

(/usr/share/texlive/texmf-dist/tex/latex/refcount/refcount.sty
Package: refcount 2019/12/15 v3.6 Data extraction from label references (HO)
)
(/usr/share/texlive/texmf-dist/tex/generic/gettitlestring/gettitlestring.sty
Package: gettitlestring 2019/12/15 v1.6 Cleanup title references (HO)
)
\c@section@level=\count335
LaTeX Info: Redefining \Ref on input line 520.
)
LaTeX Info: Redefining \ref on input line 28.
LaTeX Info: Redefining \pageref on input line 28.
LaTeX Info: Redefining \nameref on input line 28.

(./Projektdokumentation.out) (./Projektdokumentation.out)
\@outlinefile=\write4
\openout4 = `Projektdokumentation.out'.

LaTeX Info: Redefining \Ref on input line 28.
Class scrartcl Info: loading recommended package `bookmark'.
(scrartcl)           Using `bookmark' together with `hyperref' is recommended,
(scrartcl)           because of handling of possible bookmark level gaps.
(scrartcl)           You can avoid loading `bookmark' with KOMA-Script option
(scrartcl)           `bookmarkpackage=false' before \begin{document} and
(scrartcl)           you can avoid this message adding:
(scrartcl)             \usepackage{bookmark}
(scrartcl)           before \begin{document} on input line 28.

(/usr/share/texlive/texmf-dist/tex/latex/bookmark/bookmark.sty
Package: bookmark 2019/12/03 v1.28 PDF bookmarks (HO)

(/usr/share/texlive/texmf-dist/tex/latex/bookmark/bkm-pdftex.def
File: bkm-pdftex.def 2019/12/03 v1.28 bookmark driver for pdfTeX (HO)
Package auxhook Info: \AddLineBeginMainAux comes a little late,
(auxhook)             because the main .aux file is already opened on input lin
e 168.
\BKM@id=\count336
))
\c@lstlisting=\count337

(./Vorlage.tex
LaTeX Font Info:    Trying to load font information for T1+lmss on input line 2
.
 (/usr/share/texmf/tex/latex/lm/t1lmss.fd
File: t1lmss.fd 2009/10/30 v1.6 Font defs for Latin Modern
)
LaTeX Font Info:    Trying to load font information for OT1+lmr on input line 4
.

(/usr/share/texmf/tex/latex/lm/ot1lmr.fd
File: ot1lmr.fd 2009/10/30 v1.6 Font defs for Latin Modern
)
LaTeX Font Info:    Trying to load font information for OML+lmm on input line 4
.

(/usr/share/texmf/tex/latex/lm/omllmm.fd
File: omllmm.fd 2009/10/30 v1.6 Font defs for Latin Modern
)
LaTeX Font Info:    Trying to load font information for OMS+lmsy on input line 
4.

(/usr/share/texmf/tex/latex/lm/omslmsy.fd
File: omslmsy.fd 2009/10/30 v1.6 Font defs for Latin Modern
)
LaTeX Font Info:    Trying to load font information for OMX+lmex on input line 
4.

(/usr/share/texmf/tex/latex/lm/omxlmex.fd
File: omxlmex.fd 2009/10/30 v1.6 Font defs for Latin Modern
)
LaTeX Font Info:    External font `lmex10' loaded for size
(Font)              <10.95> on input line 4.
LaTeX Font Info:    External font `lmex10' loaded for size
(Font)              <8> on input line 4.
LaTeX Font Info:    External font `lmex10' loaded for size
(Font)              <6> on input line 4.
LaTeX Font Info:    Trying to load font information for U+msa on input line 4.

(/usr/share/texlive/texmf-dist/tex/latex/amsfonts/umsa.fd
File: umsa.fd 2013/01/14 v3.01 AMS symbols A
)
LaTeX Font Info:    Trying to load font information for U+msb on input line 4.

(/usr/share/texlive/texmf-dist/tex/latex/amsfonts/umsb.fd
File: umsb.fd 2013/01/14 v3.01 AMS symbols B
)
LaTeX Font Info:    External font `lmex10' loaded for size
(Font)              <9> on input line 6.
LaTeX Font Info:    External font `lmex10' loaded for size
(Font)              <5> on input line 6.
LaTeX Font Info:    Trying to load font information for T1+lmtt on input line 6
.

(/usr/share/texmf/tex/latex/lm/t1lmtt.fd
File: t1lmtt.fd 2009/10/30 v1.6 Font defs for Latin Modern
)
Overfull \hbox (40.42302pt too wide) in paragraph at lines 4--9
\T1/lmr/m/n/10.95 Auszubildenden zum Fachinformatiker mit Fachrichtung Anwendun
gsentwicklung bei der \T1/lmr/m/sc/10.95 Alte Oldenburger
 []


Package natbib Warning: Citation `Rohrer2011' on page 1 undefined on input line
 11.


Overfull \hbox (67.9704pt too wide) in paragraph at lines 10--12
[]\T1/lmr/m/n/10.95 Diese Vorlage enthält bereits eine Vorstrukturierung der mö
glichen Inhalte einer tatsächlichen Projektdokumentation,
 []


Overfull \hbox (5.3704pt too wide) in paragraph at lines 10--12
\T1/lmr/m/n/10.95 die auf Basis der Erfahrungen im Rahmen der Prüfertätigkeit d
es Autors erstellt und unter Zuhilfenahme
 []


Package natbib Warning: Citation `Grashorn2010' on page 1 undefined on input li
ne 13.

<Bilder/CC-Logo.pdf, id=36, 224.84pt x 58.11713pt>
File: Bilder/CC-Logo.pdf Graphic file (type pdf)
<use Bilder/CC-Logo.pdf>
Package pdftex.def Info: Bilder/CC-Logo.pdf  used on input line 22.
(pdftex.def)             Requested size: 145.11502pt x 37.50963pt.

Overfull \hbox (21.4014pt too wide) in paragraph at lines 24--26
\T1/lmr/m/n/10.95 Dieses Werk steht unter einer Creative Commons Namensnennung 
- Weitergabe unter gleichen Bedingungen
 []

<Bilder/CC-Attribution.pdf, id=39, 51.392pt x 51.392pt>
File: Bilder/CC-Attribution.pdf Graphic file (type pdf)
<use Bilder/CC-Attribution.pdf>
Package pdftex.def Info: Bilder/CC-Attribution.pdf  used on input line 28.
(pdftex.def)             Requested size: 33.86234pt x 33.86234pt.
<Bilder/CC-ShareAlike.pdf, id=40, 51.392pt x 51.392pt>
File: Bilder/CC-ShareAlike.pdf Graphic file (type pdf)
<use Bilder/CC-ShareAlike.pdf>
Package pdftex.def Info: Bilder/CC-ShareAlike.pdf  used on input line 29.
(pdftex.def)             Requested size: 33.86234pt x 33.86234pt.

Package natbib Warning: Citation `Bundesgesetzblatt48' on page 1 undefined on i
nput line 42.

[1

{/var/lib/texmf/fonts/map/pdftex/updmap/pdftex.map} <./Bilder/CC-Logo.pdf> <./B
ilder/CC-Attribution.pdf

pdfTeX warning: /usr/bin/pdflatex (file ./Bilder/CC-Attribution.pdf): PDF inclu
sion: multiple pdfs with page group included in a single page
> <./Bilder/CC-ShareAlike.pdf

pdfTeX warning: /usr/bin/pdflatex (file ./Bilder/CC-ShareAlike.pdf): PDF inclus
ion: multiple pdfs with page group included in a single page
>]
Overfull \hbox (5.34253pt too wide) in paragraph at lines 46--49
\T1/lmr/m/n/10.95 Arbeitsabläufe und Teilaufgaben zielorientiert unter Beachtun
g wirtschaftlicher, technischer,
 []


Overfull \hbox (8.70497pt too wide) in paragraph at lines 46--49
\T1/lmr/m/n/10.95 sowie Dokumentationen kundengerecht anfertigen, zusammenstell
en und modifizieren kann."' 
 []


Package natbib Warning: Citation `BMBF2000' on page 2 undefined on input line 5
1.


Overfull \hbox (19.91151pt too wide) in paragraph at lines 53--61
\T1/lmr/m/n/10.95 nicht das Ergebnis -- [] ein lauffähiges Programm -- herangez
ogen, sondern der Arbeitsprozess.
 []


Overfull \hbox (12.55188pt too wide) in paragraph at lines 53--61
\T1/lmr/m/n/10.95 Die Dokumentation ist keine wissenschaftliche Abhandlung, son
dern eine handlungsorientierte
 []

LaTeX Font Info:    Trying to load font information for TS1+lmr on input line 6
5.
(/usr/share/texmf/tex/latex/lm/ts1lmr.fd
File: ts1lmr.fd 2009/10/30 v1.6 Font defs for Latin Modern
)
Overfull \hbox (0.56743pt too wide) in paragraph at lines 71--73
[]\T1/lmr/m/n/10.95 Wenn für das Projekt erforderlich, ein Anhang mit praxisbez
ogenen Unterlagen und Dokumenten.
 []


Package natbib Warning: Citation `MerkblattIHK' on page 2 undefined on input li
ne 85.

[2]
Overfull \hbox (14.32321pt too wide) in paragraph at lines 91--92
[]\T1/lmr/m/n/10.95 Typographische Konventionen, Seitenränder usw. können in de
r Datei \T1/lmtt/m/n/10.95 Seitenstil.tex \T1/lmr/m/n/10.95 beliebig angepasst
 []


Package natbib Warning: Citation `BewertungsmatrikIHK' on page 3 undefined on i
nput line 96.

) [3]
<Bilder/DeckblattIHK.pdf, id=87, 597.55246pt x 845.19763pt>
File: Bilder/DeckblattIHK.pdf Graphic file (type pdf)
<use Bilder/DeckblattIHK.pdf>
Package pdftex.def Info: Bilder/DeckblattIHK.pdf  used on input line 40.
(pdftex.def)             Requested size: 476.74786pt x 674.3277pt.

Overfull \hbox (4.00099pt too wide) in paragraph at lines 40--41
[][] 
 []

[4


 <./Bilder/DeckblattIHK.pdf>] (./Deckblatt.tex
<Bilder/ihk-dortmund.jpeg, id=105, 1284.8pt x 801.99625pt>
File: Bilder/ihk-dortmund.jpeg Graphic file (type jpg)
<use Bilder/ihk-dortmund.jpeg>
Package pdftex.def Info: Bilder/ihk-dortmund.jpeg  used on input line 5.
(pdftex.def)             Requested size: 102.7861pt x 64.161pt.
<Bilder/Firmenlogo.png, id=106, 182.3613pt x 61.4295pt>
File: Bilder/Firmenlogo.png Graphic file (type png)
<use Bilder/Firmenlogo.png>
Package pdftex.def Info: Bilder/Firmenlogo.png  used on input line 21.
(pdftex.def)             Requested size: 182.36084pt x 61.42934pt.

Overfull \hbox (1.35126pt too wide) in paragraph at lines 29--35
\T1/lmr/m/n/10 Grenzen des Urheberrechtgesetzes ist ohne Zustimmung des Autors 
unzulässig und strafbar. Das gilt insbesondere
 []


Overfull \hbox (27.74995pt too wide) in paragraph at lines 29--35
\T1/lmr/m/n/10 für Vervielfältigungen, Übersetzungen, Mikroverfilmungen sowie d
ie Einspeicherung und Verarbeitung in elektronischen
 []

[5


 <./Bilder/ihk-dortmund.jpeg> <./Bilder/FIrmenlogo.png>])
(./Projektdokumentation.toc
File: Bilder/Firmenlogo.png Graphic file (type png)
<use Bilder/Firmenlogo.png>
Package pdftex.def Info: Bilder/Firmenlogo.png  used on input line 46.
(pdftex.def)             Requested size: 36.4716pt x 12.28568pt.


Package scrlayer-scrpage Warning: \headheight to low.
(scrlayer-scrpage)                At least 53.63744pt needed,
(scrlayer-scrpage)                but only 42.67912pt found.
(scrlayer-scrpage)                I'll enlarge \headheight, for further
(scrlayer-scrpage)                processing, but you should do this yourself,
(scrlayer-scrpage)                e.g., setting geometry's option
(scrlayer-scrpage)                `head=53.63744pt'.
(scrlayer-scrpage)                I'll also decrease \topmargin on input line 4
6.


Overfull \vbox (10.95831pt too high) has occurred while \output is active []


[1


])
\tf@toc=\write5
\openout5 = `Projektdokumentation.toc'.

File: Bilder/Firmenlogo.png Graphic file (type png)
<use Bilder/Firmenlogo.png>
Package pdftex.def Info: Bilder/Firmenlogo.png  used on input line 55.
(pdftex.def)             Requested size: 36.4716pt x 12.28568pt.
 [2] (./Projektdokumentation.lof)
\tf@lof=\write6
\openout6 = `Projektdokumentation.lof'.

File: Bilder/Firmenlogo.png Graphic file (type png)
<use Bilder/Firmenlogo.png>
Package pdftex.def Info: Bilder/Firmenlogo.png  used on input line 59.
(pdftex.def)             Requested size: 36.4716pt x 12.28568pt.
 [3


] (./Projektdokumentation.lot)
\tf@lot=\write7
\openout7 = `Projektdokumentation.lot'.

File: Bilder/Firmenlogo.png Graphic file (type png)
<use Bilder/Firmenlogo.png>
Package pdftex.def Info: Bilder/Firmenlogo.png  used on input line 63.
(pdftex.def)             Requested size: 36.4716pt x 12.28568pt.
 [4


]

Class scrartcl Warning: \float@listhead detected!
(scrartcl)              Implementation of \float@listhead became
(scrartcl)              deprecated in KOMA-Script v3.01 2008/11/14 and
(scrartcl)              has been replaced by several more flexible
(scrartcl)              features of package `tocbasic`.
(scrartcl)              Maybe implementation of \float@listhead will
(scrartcl)              be removed from KOMA-Script soon.
(scrartcl)              Loading of package `scrhack' may help to
(scrartcl)              avoid this warning, if you are using a
(scrartcl)              a package that still implements the
(scrartcl)              deprecated \float@listhead interface  on input line 66.


(./Projektdokumentation.lol)
\tf@lol=\write8
\openout8 = `Projektdokumentation.lol'.

File: Bilder/Firmenlogo.png Graphic file (type png)
<use Bilder/Firmenlogo.png>
Package pdftex.def Info: Bilder/Firmenlogo.png  used on input line 67.
(pdftex.def)             Requested size: 36.4716pt x 12.28568pt.
 [5


] (./Abkuerzungen.tex

LaTeX Font Warning: Font shape `T1/lmr/bx/sc' undefined
(Font)              using `T1/lmr/bx/n' instead on input line 25.

)
File: Bilder/Firmenlogo.png Graphic file (type png)
<use Bilder/Firmenlogo.png>
Package pdftex.def Info: Bilder/Firmenlogo.png  used on input line 75.
(pdftex.def)             Requested size: 36.4716pt x 12.28568pt.
 [6


] (./Inhalt.tex (./Inhalt/Einleitung.tex
File: Bilder/Firmenlogo.png Graphic file (type png)
<use Bilder/Firmenlogo.png>
Package pdftex.def Info: Bilder/Firmenlogo.png  used on input line 31.
(pdftex.def)             Requested size: 36.4716pt x 12.28568pt.
 [1

]) (./Inhalt/Projektplanung.tex
(./Tabellen/ZeitplanungKurz.tex)
! Undefined control sequence.
\Anhang #1->\appendixname 
                          {}~\ref {#1}: \nameref {#1} \vpageref {#1}
l.17 ...ng findet sich im \Anhang{app:Zeitplanung}
                                                  .
The control sequence at the end of the top line
of your error message was never \def'ed. If you have
misspelled it (e.g., `\hobx'), type `I' and the correct
spelling (e.g., `I\hbox'). Otherwise just continue,
and I'll forget about whatever was undefined.

File: Bilder/Firmenlogo.png Graphic file (type png)
<use Bilder/Firmenlogo.png>
Package pdftex.def Info: Bilder/Firmenlogo.png  used on input line 33.
(pdftex.def)             Requested size: 36.4716pt x 12.28568pt.
[2]) (./Inhalt/Analysephase.tex
File: Bilder/Firmenlogo.png Graphic file (type png)
<use Bilder/Firmenlogo.png>
Package pdftex.def Info: Bilder/Firmenlogo.png  used on input line 26.
(pdftex.def)             Requested size: 36.4716pt x 12.28568pt.
 [3]
Overfull \hbox (51.8193pt too wide) in paragraph at lines 32--33
[]\T1/lmr/m/n/10.95 Welche Kosten fallen bei der Umsetzung des Projekts im Deta
il an ([] Entwicklung, Einführung/Schulung,
 []


Overfull \hbox (29.03821pt too wide) in paragraph at lines 35--37
[]\T1/lmr/m/n/10.95 Die Kosten für die Durchführung des Projekts setzen sich so
wohl aus Personal-, als auch aus Ressourcenkosten
 []

(./Tabellen/Kostenaufstellung.tex)
Overfull \hbox (26.97096pt too wide) in paragraph at lines 54--55
[]\T1/lmr/m/n/10.95 Welche monetären Vorteile bietet das Projekt ([] Einsparung
 von Lizenzkosten, Arbeitszeitersparnis,
 []

File: Bilder/Firmenlogo.png Graphic file (type png)
<use Bilder/Firmenlogo.png>
Package pdftex.def Info: Bilder/Firmenlogo.png  used on input line 62.
(pdftex.def)             Requested size: 36.4716pt x 12.28568pt.
[4]
Overfull \hbox (117.61069pt too wide) in paragraph at lines 75--76
[]\T1/lmr/m/n/10.95 Darstellung des nicht-monetären Nutzens ([] Vorher-/Nachher
-Vergleich anhand eines Wirtschaftlichkeitskoeffizienten). 
 []

Package acronym Info: Label `acro:EPK' newly defined as it shall be overridden
although it is yet undefined on input line 86.

Overfull \hbox (38.34833pt too wide) in paragraph at lines 86--87
[]\T1/lmr/m/n/10.95 Einer oder mehrere interessante (!) Anwendungsfälle könnten
 exemplarisch durch ein Aktivitätsdiagramm
 []

! Undefined control sequence.
\Anhang #1->\appendixname 
                          {}~\ref {#1}: \nameref {#1} \vpageref {#1}
l.90 ...agramm findet sich im \Anhang{app:UseCase}
                                                  .
The control sequence at the end of the top line
of your error message was never \def'ed. If you have
misspelled it (e.g., `\hobx'), type `I' and the correct
spelling (e.g., `I\hbox'). Otherwise just continue,
and I'll forget about whatever was undefined.


Package natbib Warning: Citation `ISO9126' on page 5 undefined on input line 96
.


Overfull \hbox (3.60759pt too wide) in paragraph at lines 96--97
[]\T1/lmr/m/n/10.95 Welche Qualitätsanforderungen werden an die Anwendung geste
llt ([] hinsichtlich Performance,
 []

! Undefined control sequence.
\Anhang #1->\appendixname 
                          {}~\ref {#1}: \nameref {#1} \vpageref {#1}
l.108 ...ft findet sich im \Anhang{app:Lastenheft}
                                                  .
The control sequence at the end of the top line
of your error message was never \def'ed. If you have
misspelled it (e.g., `\hobx'), type `I' and the correct
spelling (e.g., `I\hbox'). Otherwise just continue,
and I'll forget about whatever was undefined.

) (./Inhalt/Entwurfsphase.tex
Overfull \hbox (2.11792pt too wide) in paragraph at lines 9--10
[]\T1/lmr/m/n/10.95 Beschreibung der Kriterien zur Auswahl der Zielplattform ([
] Programmiersprache, Datenbank,
 []

File: Bilder/Firmenlogo.png Graphic file (type png)
<use Bilder/Firmenlogo.png>
Package pdftex.def Info: Bilder/Firmenlogo.png  used on input line 10.
(pdftex.def)             Requested size: 36.4716pt x 12.28568pt.
[5]

Package natbib Warning: Citation `Symfony' on page 6 undefined on input line 21
.


Overfull \hbox (4.69318pt too wide) in paragraph at lines 21--22
[] []\T1/lmss/bx/n/10.95 Beispiel[][] \T1/lmr/m/n/10.95 Anhand der Entscheidung
smatrix in Tabelle [][]3[][] wurde für die Implementierung der Anwendung
 []

(./Tabellen/Nutzwert.tex)
! Undefined control sequence.
\Anhang #1->\appendixname 
                          {}~\ref {#1}: \nameref {#1} \vpageref {#1}
l.35 ...¼rfe finden sich im \Anhang{app:Entwuerfe}
                                                  .
The control sequence at the end of the top line
of your error message was never \def'ed. If you have
misspelled it (e.g., `\hobx'), type `I' and the correct
spelling (e.g., `I\hbox'). Otherwise just continue,
and I'll forget about whatever was undefined.


Overfull \hbox (7.44104pt too wide) in paragraph at lines 42--43
[]\T1/lmr/m/n/10.95 Entwurf/Beschreibung der Datenstrukturen ([] [][] und/oder 
Tabellenmodell, [][]-Schemas)
 []

File: Bilder/Firmenlogo.png Graphic file (type png)
<use Bilder/Firmenlogo.png>
Package pdftex.def Info: Bilder/Firmenlogo.png  used on input line 43.
(pdftex.def)             Requested size: 36.4716pt x 12.28568pt.
[6]
Package acronym Info: Label `acro:ERM' newly defined as it shall be overridden
although it is yet undefined on input line 46.
<Bilder/ERDiagramm.pdf, id=458, 597.432pt x 314.776pt>
File: Bilder/ERDiagramm.pdf Graphic file (type pdf)
<use Bilder/ERDiagramm.pdf>
Package pdftex.def Info: Bilder/ERDiagramm.pdf  used on input line 50.
(pdftex.def)             Requested size: 290.22821pt x 152.91592pt.

! Undefined control sequence.
\Anhang #1->\appendixname 
                          {}~\ref {#1}: \nameref {#1} \vpageref {#1}
l.65 ...tellt kann im \Anhang{app:Klassendiagramm}
                                                   eingesehen werden.
The control sequence at the end of the top line
of your error message was never \def'ed. If you have
misspelled it (e.g., `\hobx'), type `I' and the correct
spelling (e.g., `I\hbox'). Otherwise just continue,
and I'll forget about whatever was undefined.


Overfull \hbox (22.03276pt too wide) in paragraph at lines 65--66
[] []\T1/lmss/bx/n/10.95 Beispiel[][] \T1/lmr/m/n/10.95 Ein Klassendiagramm, we
lches die Klassen der Anwendung und deren Beziehungen untereinander
 []

<Bilder/modulimport.pdf, id=465, 1236.62pt x 392.667pt>
File: Bilder/modulimport.pdf Graphic file (type pdf)
<use Bilder/modulimport.pdf>
Package pdftex.def Info: Bilder/modulimport.pdf  used on input line 70.
(pdftex.def)             Requested size: 435.31422pt x 138.2264pt.
File: Bilder/Firmenlogo.png Graphic file (type png)
<use Bilder/Firmenlogo.png>
Package pdftex.def Info: Bilder/Firmenlogo.png  used on input line 88.
(pdftex.def)             Requested size: 36.4716pt x 12.28568pt.
[7 <./Bilder/ERDiagramm.pdf>]
! Undefined control sequence.
\Anhang #1->\appendixname 
                          {}~\ref {#1}: \nameref {#1} \vpageref {#1}
l.91 ...htenheft ist im \Anhang{app:Pflichtenheft}
                                                   zu finden.
The control sequence at the end of the top line
of your error message was never \def'ed. If you have
misspelled it (e.g., `\hobx'), type `I' and the correct
spelling (e.g., `I\hbox'). Otherwise just continue,
and I'll forget about whatever was undefined.

) (./Inhalt/Implementierungsphase.tex
Overfull \hbox (14.76762pt too wide) in paragraph at lines 91--2
[] []\T1/lmss/bx/n/10.95 Beispiel[][] \T1/lmr/m/n/10.95 Ein Beispiel für das au
f dem Lastenheft (siehe Kapitel [][]3.6[][]: [][]Lastenheft/Fachkonzept[][]) au
fbauende
 []


Overfull \hbox (2.87689pt too wide) in paragraph at lines 17--18
[]\T1/lmr/m/n/10.95 Beschreibung der Implementierung der Benutzeroberfläche, fa
lls dies separat zur Implementierung
 []

! Undefined control sequence.
\Anhang #1->\appendixname 
                          {}~\ref {#1}: \nameref {#1} \vpageref {#1}
l.23 ...aten befinden sich im \Anhang{Screenshots}
                                                  .
The control sequence at the end of the top line
of your error message was never \def'ed. If you have
misspelled it (e.g., `\hobx'), type `I' and the correct
spelling (e.g., `I\hbox'). Otherwise just continue,
and I'll forget about whatever was undefined.

File: Bilder/Firmenlogo.png Graphic file (type png)
<use Bilder/Firmenlogo.png>
Package pdftex.def Info: Bilder/Firmenlogo.png  used on input line 31.
(pdftex.def)             Requested size: 36.4716pt x 12.28568pt.
[8 <./Bilder/modulimport.pdf>]
! Undefined control sequence.
\Anhang #1->\appendixname 
                          {}~\ref {#1}: \nameref {#1} \vpageref {#1}
l.37 ...ma\-tion} findet sich im \Anhang{app:CNMI}
                                                  .
The control sequence at the end of the top line
of your error message was never \def'ed. If you have
misspelled it (e.g., `\hobx'), type `I' and the correct
spelling (e.g., `I\hbox'). Otherwise just continue,
and I'll forget about whatever was undefined.

) (./Inhalt/Abnahmephase.tex
Overfull \hbox (113.32014pt too wide) in paragraph at lines 37--2
[] []\T1/lmss/bx/n/10.95 Beispiel[][] \T1/lmr/m/n/10.95 Die Klasse \T1/lmtt/m/n
/10.95 Com-par-ed-Na-tu-ral-Mo-dule-In-for-ma-tion \T1/lmr/m/n/10.95 findet sic
h im  [][]A.10[][]: [][]Klasse: ComparedNaturalModuleInformation[][][]
 []


Overfull \hbox (0.8732pt too wide) in paragraph at lines 6--7
[]\T1/lmr/m/n/10.95 Welche Tests ([] Unit-, Integrations-, Systemtests) wurden 
durchgeführt und welche Ergebnisse
 []

! Undefined control sequence.
\Anhang #1->\appendixname 
                          {}~\ref {#1}: \nameref {#1} \vpageref {#1}
l.11 ...t Tests befindet sich im \Anhang{app:Test}
                                                  . Dort ist auch der Aufruf...
The control sequence at the end of the top line
of your error message was never \def'ed. If you have
misspelled it (e.g., `\hobx'), type `I' and the correct
spelling (e.g., `I\hbox'). Otherwise just continue,
and I'll forget about whatever was undefined.

) (./Inhalt/Einfuehrungsphase.tex) (./Inhalt/Dokumentation.tex
File: Bilder/Firmenlogo.png Graphic file (type png)
<use Bilder/Firmenlogo.png>
Package pdftex.def Info: Bilder/Firmenlogo.png  used on input line 8.
(pdftex.def)             Requested size: 36.4716pt x 12.28568pt.
 [9]
! Undefined control sequence.
\Anhang #1->\appendixname 
                          {}~\ref {#1}: \nameref {#1} \vpageref {#1}
l.11 ...befindet sich im \Anhang{app:BenutzerDoku}
                                                  .
The control sequence at the end of the top line
of your error message was never \def'ed. If you have
misspelled it (e.g., `\hobx'), type `I' and the correct
spelling (e.g., `I\hbox'). Otherwise just continue,
and I'll forget about whatever was undefined.


Package natbib Warning: Citation `phpDoc' on page 10 undefined on input line 12
.

! Undefined control sequence.
\Anhang #1->\appendixname 
                          {}~\ref {#1}: \nameref {#1} \vpageref {#1}
l.12 ...ner Klasse findet sich im \Anhang{app:Doc}
                                                  .
The control sequence at the end of the top line
of your error message was never \def'ed. If you have
misspelled it (e.g., `\hobx'), type `I' and the correct
spelling (e.g., `I\hbox'). Otherwise just continue,
and I'll forget about whatever was undefined.

) (./Inhalt/Fazit.tex
Overfull \hbox (58.04955pt too wide) in paragraph at lines 11--2
[] []\T1/lmss/bx/n/10.95 Beispiel[][] \T1/lmr/m/n/10.95 Ein Ausschnitt aus der 
erstellten Benutzerdokumentation befindet sich im  [][]A.12[][]: [][]Benutzerdo
kumentation[][][]
 []


Overfull \hbox (2.85109pt too wide) in paragraph at lines 11--2
\T1/lmr/m/n/10.95 beispielhafter Auszug aus der Dokumentation einer Klasse find
et sich im  [][]A.8[][]: [][]Entwicklerdokumentation[][][]
 []


Overfull \hbox (1.54555pt too wide) in paragraph at lines 12--13
\T1/lmr/m/n/10.95 sogar als normal anzusehen. Sie müssen nur vernünftig begründ
et werden ([] durch Änderungen
 []

(./Tabellen/Zeitnachher.tex)
Overfull \hbox (5.91342pt too wide) in paragraph at lines 16--18
[] []\T1/lmss/bx/n/10.95 Beispiel (verkürzt)[][] \T1/lmr/m/n/10.95 Wie in Tabel
le [][]4[][] zu erkennen ist, konnte die Zeitplanung bis auf wenige Ausnahmen
 []

File: Bilder/Firmenlogo.png Graphic file (type png)
<use Bilder/Firmenlogo.png>
Package pdftex.def Info: Bilder/Firmenlogo.png  used on input line 33.
(pdftex.def)             Requested size: 36.4716pt x 12.28568pt.
[10]))
File: Bilder/Firmenlogo.png Graphic file (type png)
<use Bilder/Firmenlogo.png>
Package pdftex.def Info: Bilder/Firmenlogo.png  used on input line 82.
(pdftex.def)             Requested size: 36.4716pt x 12.28568pt.
 [11]
No file Projektdokumentation.bbl.
(./Erklaerung.tex
Overfull \hbox (23.03128pt too wide) in paragraph at lines 7--9
\T1/lmr/m/n/10.95 Ich, Lukas Röding, versichere hiermit, dass ich meine \T1/lmr
/bx/sc/10.95 Dokumentation zur betrieblichen Projektarbeit
 []


Underfull \hbox (badness 10000) in paragraph at lines 12--15

 []

)
File: Bilder/Firmenlogo.png Graphic file (type png)
<use Bilder/Firmenlogo.png>
Package pdftex.def Info: Bilder/Firmenlogo.png  used on input line 89.
(pdftex.def)             Requested size: 36.4716pt x 12.28568pt.
 [12


] (./Anhang.tex (./Tabellen/ZeitplanungKomplett.tex)
(./Anhang/AnhangLastenheft.tex
File: Bilder/Firmenlogo.png Graphic file (type png)
<use Bilder/Firmenlogo.png>
Package pdftex.def Info: Bilder/Firmenlogo.png  used on input line 5.
(pdftex.def)             Requested size: 36.4716pt x 12.28568pt.
 [1

]
Overfull \hbox (24.778pt too wide) in paragraph at lines 17--18
[]\T1/lmr/m/n/10.95 Dieser Vergleich muss auf die von einem bestimmten Benutzer
 bearbeiteten Module eingeschränkt
 []


Overfull \hbox (8.89961pt too wide) in paragraph at lines 24--25
[]\T1/lmr/m/n/10.95 Die Anwendung muss ohne das Installieren einer zusätzlichen
 Software über einen Webbrowser
 []

)
File: Bilder/Firmenlogo.png Graphic file (type png)
<use Bilder/Firmenlogo.png>
Package pdftex.def Info: Bilder/Firmenlogo.png  used on input line 9.
(pdftex.def)             Requested size: 36.4716pt x 12.28568pt.
 [2]
<Bilder/UseCase.pdf, id=580, 386.24298pt x 304.337pt>
File: Bilder/UseCase.pdf Graphic file (type pdf)
<use Bilder/UseCase.pdf>
Package pdftex.def Info: Bilder/UseCase.pdf  used on input line 16.
(pdftex.def)             Requested size: 338.60417pt x 266.8004pt.
 (./Anhang/AnhangPflichtenheft.tex
Overfull \hbox (6.07582pt too wide) in paragraph at lines 9--11
[]\T1/lmr/m/n/10.95 Modul-Liste: Zeigt eine filterbare Liste der Module mit den
 dazugehörigen Kerninformationen
 []

File: Bilder/Firmenlogo.png Graphic file (type png)
<use Bilder/Firmenlogo.png>
Package pdftex.def Info: Bilder/Firmenlogo.png  used on input line 15.
(pdftex.def)             Requested size: 36.4716pt x 12.28568pt.
[3

 <./Bilder/UseCase.pdf>]
Overfull \hbox (11.3115pt too wide) in paragraph at lines 26--27
[]\T1/lmr/m/n/10.95 Sollte sich ein Modul verändert haben, werden die entsprech
enden Daten in der Datenbank
 []

Package acronym Info: Label `acro:SVN' newly defined as it shall be overridden
although it is yet undefined on input line 28.

Overfull \hbox (50.48547pt too wide) in paragraph at lines 37--38
[]\T1/lmr/m/n/10.95 Die Anwendung soll möglichst leicht erweiterbar sein und au
ch von anderen Entwicklungsprozessen
 []

File: Bilder/Firmenlogo.png Graphic file (type png)
<use Bilder/Firmenlogo.png>
Package pdftex.def Info: Bilder/Firmenlogo.png  used on input line 50.
(pdftex.def)             Requested size: 36.4716pt x 12.28568pt.
[4])
<Bilder/database.pdf, id=628, 845.1575pt x 597.23125pt>
File: Bilder/database.pdf Graphic file (type pdf)
<use Bilder/database.pdf>
Package pdftex.def Info: Bilder/database.pdf  used on input line 27.
(pdftex.def)             Requested size: 483.70499pt x 341.81052pt.
File: Bilder/Firmenlogo.png Graphic file (type png)
<use Bilder/Firmenlogo.png>
Package pdftex.def Info: Bilder/Firmenlogo.png  used on input line 30.
(pdftex.def)             Requested size: 36.4716pt x 12.28568pt.
 [5 <./Bilder/database.pdf, page is rotated 90 degrees>]
(./Anhang/AnhangEntwuerfe.tex
<Bilder/MockupModules.pdf, id=646, 722.7pt x 542.025pt>
File: Bilder/MockupModules.pdf Graphic file (type pdf)
<use Bilder/MockupModules.pdf>
Package pdftex.def Info: Bilder/MockupModules.pdf  used on input line 5.
(pdftex.def)             Requested size: 338.58835pt x 253.94125pt.
<Bilder/MockupModul.pdf, id=647, 722.7pt x 542.025pt>
File: Bilder/MockupModul.pdf Graphic file (type pdf)
<use Bilder/MockupModul.pdf>
Package pdftex.def Info: Bilder/MockupModul.pdf  used on input line 11.
(pdftex.def)             Requested size: 338.58835pt x 253.94125pt.
<Bilder/MockupTag.pdf, id=648, 722.7pt x 542.025pt>
File: Bilder/MockupTag.pdf Graphic file (type pdf)
<use Bilder/MockupTag.pdf>
Package pdftex.def Info: Bilder/MockupTag.pdf  used on input line 17.
(pdftex.def)             Requested size: 338.58835pt x 253.94125pt.
)
File: Bilder/Firmenlogo.png Graphic file (type png)
<use Bilder/Firmenlogo.png>
Package pdftex.def Info: Bilder/Firmenlogo.png  used on input line 33.
(pdftex.def)             Requested size: 36.4716pt x 12.28568pt.
 [6

 <./Bilder/MockupModules.pdf>]
File: Bilder/Firmenlogo.png Graphic file (type png)
<use Bilder/Firmenlogo.png>
Package pdftex.def Info: Bilder/Firmenlogo.png  used on input line 33.
(pdftex.def)             Requested size: 36.4716pt x 12.28568pt.
 [7 <./Bilder/MockupModul.pdf> <./Bilder/MockupTag.pdf

pdfTeX warning: /usr/bin/pdflatex (file ./Bilder/MockupTag.pdf): PDF inclusion:
 multiple pdfs with page group included in a single page
>] (./Anhang/AnhangScreenshots.tex
<Bilder/tagliste.pdf, id=717, 597.432pt x 340.47202pt>
File: Bilder/tagliste.pdf Graphic file (type pdf)
<use Bilder/tagliste.pdf>
Package pdftex.def Info: Bilder/tagliste.pdf  used on input line 5.
(pdftex.def)             Requested size: 483.7076pt x 275.66133pt.
File: Bilder/Firmenlogo.png Graphic file (type png)
<use Bilder/Firmenlogo.png>
Package pdftex.def Info: Bilder/Firmenlogo.png  used on input line 8.
(pdftex.def)             Requested size: 36.4716pt x 12.28568pt.
 [8

 <./Bilder/tagliste.pdf>]
<Bilder/modulliste.pdf, id=816, 597.432pt x 505.087pt>
File: Bilder/modulliste.pdf Graphic file (type pdf)
<use Bilder/modulliste.pdf>
Package pdftex.def Info: Bilder/modulliste.pdf  used on input line 11.
(pdftex.def)             Requested size: 483.7076pt x 408.94098pt.
File: Bilder/Firmenlogo.png Graphic file (type png)
<use Bilder/Firmenlogo.png>
Package pdftex.def Info: Bilder/Firmenlogo.png  used on input line 14.
(pdftex.def)             Requested size: 36.4716pt x 12.28568pt.
 [9

 <./Bilder/modulliste.pdf>]) (./Anhang/AnhangDoc.tex
<Bilder/doc.pdf, id=982, page=1, 597.23125pt x 845.1575pt>
File: Bilder/doc.pdf Graphic file (type pdf)
<use Bilder/doc.pdf, page 1>
Package pdftex.def Info: Bilder/doc.pdf , page1 used on input line 4.
(pdftex.def)             Requested size: 435.32422pt x 616.04424pt.
<Bilder/doc.pdf, id=983, page=2, 597.23125pt x 845.1575pt>
File: Bilder/doc.pdf Graphic file (type pdf)
<use Bilder/doc.pdf, page 2>
Package pdftex.def Info: Bilder/doc.pdf , page2 used on input line 6.
(pdftex.def)             Requested size: 435.32422pt x 616.04424pt.
File: Bilder/Firmenlogo.png Graphic file (type png)
<use Bilder/Firmenlogo.png>
Package pdftex.def Info: Bilder/Firmenlogo.png  used on input line 7.
(pdftex.def)             Requested size: 36.4716pt x 12.28568pt.
 [10

 <./Bilder/doc.pdf>])
File: Bilder/Firmenlogo.png Graphic file (type png)
<use Bilder/Firmenlogo.png>
Package pdftex.def Info: Bilder/Firmenlogo.png  used on input line 36.
(pdftex.def)             Requested size: 36.4716pt x 12.28568pt.
 [11 <./Bilder/doc.pdf>] (./Anhang/AnhangTest.tex
Package hyperref Info: bookmark level for unknown lstlisting defaults to 0 on i
nput line 3.
 (./Listings/tests.php)
File: Bilder/Firmenlogo.png Graphic file (type png)
<use Bilder/Firmenlogo.png>
Package pdftex.def Info: Bilder/Firmenlogo.png  used on input line 4.
(pdftex.def)             Requested size: 36.4716pt x 12.28568pt.
 [12

]
<Bilder/testcase.jpg, id=1044, 773.89125pt x 334.24875pt>
File: Bilder/testcase.jpg Graphic file (type jpg)
<use Bilder/testcase.jpg>
Package pdftex.def Info: Bilder/testcase.jpg  used on input line 7.
(pdftex.def)             Requested size: 483.70445pt x 208.91515pt.
)
(./Listings/cnmi.php
File: Bilder/Firmenlogo.png Graphic file (type png)
<use Bilder/Firmenlogo.png>
Package pdftex.def Info: Bilder/Firmenlogo.png  used on input line 27.
(pdftex.def)             Requested size: 36.4716pt x 12.28568pt.
 [13

 <./Bilder/testcase.jpg>]
File: Bilder/Firmenlogo.png Graphic file (type png)
<use Bilder/Firmenlogo.png>
Package pdftex.def Info: Bilder/Firmenlogo.png  used on input line 77.
(pdftex.def)             Requested size: 36.4716pt x 12.28568pt.
 [14])
File: Bilder/Firmenlogo.png Graphic file (type png)
<use Bilder/Firmenlogo.png>
Package pdftex.def Info: Bilder/Firmenlogo.png  used on input line 43.
(pdftex.def)             Requested size: 36.4716pt x 12.28568pt.
 [15]
<Bilder/Klassendiagramm.pdf, id=1184, 766.06201pt x 598.235pt>
File: Bilder/Klassendiagramm.pdf Graphic file (type pdf)
<use Bilder/Klassendiagramm.pdf>
Package pdftex.def Info: Bilder/Klassendiagramm.pdf  used on input line 50.
(pdftex.def)             Requested size: 483.70871pt x 377.73897pt.
File: Bilder/Firmenlogo.png Graphic file (type png)
<use Bilder/Firmenlogo.png>
Package pdftex.def Info: Bilder/Firmenlogo.png  used on input line 53.
(pdftex.def)             Requested size: 36.4716pt x 12.28568pt.
 [16

 <./Bilder/Klassendiagramm.pdf>] (./Anhang/AnhangBenutzerDoku.tex
File: Bilder/weather-clear.png Graphic file (type png)
<use Bilder/weather-clear.png>
Package pdftex.def Info: Bilder/weather-clear.png  used on input line 13.
(pdftex.def)             Requested size: 22.08243pt x 22.08243pt.
File: Bilder/weather-clear.png Graphic file (type png)
<use Bilder/weather-clear.png>
Package pdftex.def Info: Bilder/weather-clear.png  used on input line 13.
(pdftex.def)             Requested size: 22.08243pt x 22.08243pt.
File: Bilder/weather-clear.png Graphic file (type png)
<use Bilder/weather-clear.png>
Package pdftex.def Info: Bilder/weather-clear.png  used on input line 13.
(pdftex.def)             Requested size: 22.08243pt x 22.08243pt.
File: Bilder/weather-clear-night.png Graphic file (type png)
<use Bilder/weather-clear-night.png>
Package pdftex.def Info: Bilder/weather-clear-night.png  used on input line 13.

(pdftex.def)             Requested size: 22.08243pt x 22.08243pt.
File: Bilder/weather-clear-night.png Graphic file (type png)
<use Bilder/weather-clear-night.png>
Package pdftex.def Info: Bilder/weather-clear-night.png  used on input line 13.

(pdftex.def)             Requested size: 22.08243pt x 22.08243pt.
File: Bilder/weather-clear-night.png Graphic file (type png)
<use Bilder/weather-clear-night.png>
Package pdftex.def Info: Bilder/weather-clear-night.png  used on input line 13.

(pdftex.def)             Requested size: 22.08243pt x 22.08243pt.

Underfull \hbox (badness 1152) in paragraph at lines 13--13
[]|\T1/lmr/m/n/10.95 Weder auf der aktuellen noch auf der
 []


Underfull \hbox (badness 10000) in paragraph at lines 13--13
\T1/lmr/m/n/10.95 vorherigen Umgebung sind Module
 []


Underfull \hbox (badness 7649) in paragraph at lines 13--13
\T1/lmr/m/n/10.95 angelegt. Es kann also auch nichts
 []

File: Bilder/weather-few-clouds-night.png Graphic file (type png)
<use Bilder/weather-few-clouds-night.png>
Package pdftex.def Info: Bilder/weather-few-clouds-night.png  used on input lin
e 13.
(pdftex.def)             Requested size: 22.08243pt x 22.08243pt.
File: Bilder/weather-few-clouds-night.png Graphic file (type png)
<use Bilder/weather-few-clouds-night.png>
Package pdftex.def Info: Bilder/weather-few-clouds-night.png  used on input lin
e 13.
(pdftex.def)             Requested size: 22.08243pt x 22.08243pt.
File: Bilder/weather-few-clouds-night.png Graphic file (type png)
<use Bilder/weather-few-clouds-night.png>
Package pdftex.def Info: Bilder/weather-few-clouds-night.png  used on input lin
e 13.
(pdftex.def)             Requested size: 22.08243pt x 22.08243pt.
File: Bilder/weather-few-clouds.png Graphic file (type png)
<use Bilder/weather-few-clouds.png>
Package pdftex.def Info: Bilder/weather-few-clouds.png  used on input line 13.
(pdftex.def)             Requested size: 22.08243pt x 22.08243pt.
File: Bilder/weather-few-clouds.png Graphic file (type png)
<use Bilder/weather-few-clouds.png>
Package pdftex.def Info: Bilder/weather-few-clouds.png  used on input line 13.
(pdftex.def)             Requested size: 22.08243pt x 22.08243pt.
File: Bilder/weather-few-clouds.png Graphic file (type png)
<use Bilder/weather-few-clouds.png>
Package pdftex.def Info: Bilder/weather-few-clouds.png  used on input line 13.
(pdftex.def)             Requested size: 22.08243pt x 22.08243pt.

Underfull \hbox (badness 3128) in paragraph at lines 13--13
[]|\T1/lmr/m/n/10.95 Das Modul der vorherigen Umgebung
 []


Underfull \hbox (badness 1436) in paragraph at lines 13--13
\T1/lmr/m/n/10.95 kann übertragen werden um dieses zu
 []

File: Bilder/weather-storm.png Graphic file (type png)
<use Bilder/weather-storm.png>
Package pdftex.def Info: Bilder/weather-storm.png  used on input line 13.
(pdftex.def)             Requested size: 22.08243pt x 22.08243pt.
File: Bilder/weather-storm.png Graphic file (type png)
<use Bilder/weather-storm.png>
Package pdftex.def Info: Bilder/weather-storm.png  used on input line 13.
(pdftex.def)             Requested size: 22.08243pt x 22.08243pt.
File: Bilder/weather-storm.png Graphic file (type png)
<use Bilder/weather-storm.png>
Package pdftex.def Info: Bilder/weather-storm.png  used on input line 13.
(pdftex.def)             Requested size: 22.08243pt x 22.08243pt.

Underfull \hbox (badness 10000) in paragraph at lines 13--13
\T1/lmr/m/n/10.95 entgegen des Entwicklungsprozesses
 []

))

Package natbib Warning: There were undefined citations.

File: Bilder/Firmenlogo.png Graphic file (type png)
<use Bilder/Firmenlogo.png>
Package pdftex.def Info: Bilder/Firmenlogo.png  used on input line 94.
(pdftex.def)             Requested size: 36.4716pt x 12.28568pt.
[17

 <./Bilder/weather-clear.png> <./Bilder/weather-clear-night.png> <./Bilder/weat
her-few-clouds-night.png> <./Bilder/weather-few-clouds.png> <./Bilder/weather-s
torm.png>]
Package atveryend Info: Empty hook `BeforeClearDocument' on input line 94.
Package atveryend Info: Empty hook `AfterLastShipout' on input line 94.
 (./Projektdokumentation.aux)
Package atveryend Info: Executing hook `AtVeryEndDocument' on input line 94.
Package atveryend Info: Executing hook `AtEndAfterFileList' on input line 94.
Package rerunfilecheck Info: File `Projektdokumentation.out' has not changed.
(rerunfilecheck)             Checksum: D41D8CD98F00B204E9800998ECF8427E;0.


LaTeX Font Warning: Some font shapes were not available, defaults substituted.

Package atveryend Info: Empty hook `AtVeryVeryEnd' on input line 94.
 ) 
Here is how much of TeX's memory you used:
 28599 strings out of 483140
 548390 string characters out of 5965150
 1044194 words of memory out of 5000000
 42547 multiletter control sequences out of 15000+600000
 622210 words of font info for 78 fonts, out of 8000000 for 9000
 36 hyphenation exceptions out of 8191
 76i,25n,107p,10270b,2280s stack positions out of 5000i,500n,10000p,200000b,80000s
{/usr/share/texmf/fonts/enc/dvips/lm/lm-mathsy.enc}{/usr/share/texmf/fonts/en
c/dvips/lm/lm-ec.enc}{/usr/share/texmf/fonts/enc/dvips/lm/lm-mathit.enc}{/usr/s
hare/texmf/fonts/enc/dvips/lm/lm-ts1.enc}{/usr/share/texmf/fonts/enc/dvips/lm/l
m-rm.enc}</usr/share/texmf/fonts/type1/public/lm/lmbx10.pfb></usr/share/texmf/f
onts/type1/public/lm/lmbx12.pfb></usr/share/texmf/fonts/type1/public/lm/lmbx9.p
fb></usr/share/texmf/fonts/type1/public/lm/lmcsc10.pfb></usr/share/texmf/fonts/
type1/public/lm/lmmi10.pfb></usr/share/texmf/fonts/type1/public/lm/lmr10.pfb></
usr/share/texmf/fonts/type1/public/lm/lmr12.pfb></usr/share/texmf/fonts/type1/p
ublic/lm/lmr17.pfb></usr/share/texmf/fonts/type1/public/lm/lmr6.pfb></usr/share
/texmf/fonts/type1/public/lm/lmr8.pfb></usr/share/texmf/fonts/type1/public/lm/l
mr9.pfb></usr/share/texmf/fonts/type1/public/lm/lmri10.pfb></usr/share/texmf/fo
nts/type1/public/lm/lmssbx10.pfb></usr/share/texmf/fonts/type1/public/lm/lmsy10
.pfb></usr/share/texmf/fonts/type1/public/lm/lmsy9.pfb></usr/share/texmf/fonts/
type1/public/lm/lmtt10.pfb></usr/share/texmf/fonts/type1/public/lm/lmtt9.pfb>
Output written on Projektdokumentation.pdf (40 pages, 2338720 bytes).
PDF statistics:
 1548 PDF objects out of 1728 (max. 8388607)
 1275 compressed objects within 13 object streams
 358 named destinations out of 1000 (max. 500000)
 717 words of extra memory for PDF output out of 10000 (max. 10000000)

